<?xml version="1.0"?><coverage lines-covered="655" lines-valid="1108" line-rate="0.5911552346570397" branches-covered="0" branches-valid="0" branch-rate="0" complexity="0" version="1.9" timestamp="1756282324"><sources><source>/Users/xuesong.zhao/repo/rust/rskv</source></sources><packages><package name="src" line-rate="0.5911552346570397" branch-rate="0" complexity="0"><classes><class name="background" filename="src/background.rs" line-rate="0.7155172413793104" branch-rate="0" complexity="0"><methods/><lines><line number="42" hits="11"/><line number="50" hits="33"/><line number="56" hits="11"/><line number="61" hits="7"/><line number="62" hits="28"/><line number="63" hits="1"/><line number="64" hits="1"/><line number="68" hits="0"/><line number="73" hits="6"/><line number="74" hits="24"/><line number="75" hits="12"/><line number="79" hits="5"/><line number="80" hits="20"/><line number="81" hits="10"/><line number="88" hits="0"/><line number="93" hits="12"/><line number="94" hits="12"/><line number="95" hits="1"/><line number="98" hits="5"/><line number="101" hits="5"/><line number="102" hits="15"/><line number="103" hits="10"/><line number="106" hits="33"/><line number="107" hits="28"/><line number="108" hits="28"/><line number="111" hits="5"/><line number="116" hits="7"/><line number="117" hits="14"/><line number="121" hits="6"/><line number="122" hits="18"/><line number="123" hits="18"/><line number="124" hits="18"/><line number="125" hits="12"/><line number="127" hits="7"/><line number="128" hits="4"/><line number="129" hits="3"/><line number="131" hits="1"/><line number="133" hits="12"/><line number="134" hits="12"/><line number="136" hits="10"/><line number="137" hits="0"/><line number="141" hits="10"/><line number="143" hits="5"/><line number="144" hits="0"/><line number="146" hits="0"/><line number="147" hits="0"/><line number="151" hits="0"/><line number="155" hits="0"/><line number="160" hits="5"/><line number="161" hits="15"/><line number="162" hits="15"/><line number="163" hits="15"/><line number="164" hits="10"/><line number="166" hits="9"/><line number="167" hits="16"/><line number="168" hits="12"/><line number="170" hits="4"/><line number="172" hits="14"/><line number="173" hits="8"/><line number="175" hits="6"/><line number="176" hits="0"/><line number="180" hits="6"/><line number="181" hits="6"/><line number="184" hits="0"/><line number="186" hits="0"/><line number="187" hits="0"/><line number="189" hits="0"/><line number="190" hits="0"/><line number="194" hits="0"/><line number="198" hits="3"/><line number="200" hits="0"/><line number="201" hits="0"/><line number="206" hits="3"/><line number="211" hits="6"/><line number="212" hits="18"/><line number="213" hits="18"/><line number="214" hits="18"/><line number="216" hits="11"/><line number="217" hits="15"/><line number="218" hits="15"/><line number="220" hits="5"/><line number="222" hits="12"/><line number="223" hits="4"/><line number="225" hits="2"/><line number="226" hits="0"/><line number="230" hits="1"/><line number="236" hits="4"/><line number="241" hits="0"/><line number="243" hits="0"/><line number="244" hits="0"/><line number="245" hits="0"/><line number="248" hits="0"/><line number="251" hits="0"/><line number="252" hits="0"/><line number="253" hits="0"/><line number="256" hits="0"/><line number="257" hits="0"/><line number="262" hits="0"/><line number="267" hits="0"/><line number="268" hits="0"/><line number="269" hits="0"/><line number="271" hits="0"/><line number="277" hits="2"/><line number="279" hits="6"/><line number="280" hits="4"/><line number="281" hits="4"/><line number="282" hits="4"/><line number="283" hits="4"/><line number="284" hits="2"/><line number="290" hits="11"/><line number="292" hits="33"/><line number="293" hits="11"/><line number="294" hits="33"/><line number="295" hits="22"/><line number="298" hits="22"/><line number="300" hits="7"/></lines></class><class name="checkpoint" filename="src/checkpoint.rs" line-rate="0.8545454545454545" branch-rate="0" complexity="0"><methods/><lines><line number="85" hits="15"/><line number="91" hits="30"/><line number="93" hits="15"/><line number="94" hits="15"/><line number="95" hits="15"/><line number="96" hits="15"/><line number="97" hits="15"/><line number="98" hits="15"/><line number="99" hits="15"/><line number="104" hits="3"/><line number="105" hits="9"/><line number="109" hits="30"/><line number="111" hits="60"/><line number="112" hits="0"/><line number="113" hits="0"/><line number="121" hits="0"/><line number="127" hits="0"/><line number="140" hits="15"/><line number="143" hits="44"/><line number="149" hits="0"/><line number="161" hits="0"/><line number="163" hits="15"/><line number="164" hits="0"/><line number="173" hits="30"/><line number="174" hits="15"/><line number="176" hits="30"/><line number="178" hits="15"/><line number="179" hits="15"/><line number="183" hits="16"/><line number="187" hits="32"/><line number="190" hits="48"/><line number="191" hits="95"/><line number="193" hits="64"/><line number="198" hits="32"/><line number="202" hits="15"/><line number="208" hits="60"/><line number="211" hits="60"/><line number="212" hits="60"/><line number="215" hits="15"/><line number="216" hits="0"/><line number="218" hits="15"/><line number="219" hits="0"/><line number="225" hits="15"/><line number="230" hits="45"/><line number="231" hits="0"/><line number="233" hits="15"/><line number="238" hits="15"/><line number="243" hits="45"/><line number="244" hits="0"/><line number="246" hits="15"/><line number="251" hits="14"/><line number="252" hits="21"/><line number="254" hits="1"/><line number="255" hits="0"/><line number="256" hits="1"/><line number="259" hits="6"/><line number="260" hits="6"/><line number="265" hits="14"/><line number="266" hits="21"/><line number="269" hits="20"/><line number="273" hits="2"/><line number="274" hits="5"/><line number="275" hits="1"/><line number="282" hits="7"/><line number="286" hits="2"/><line number="287" hits="4"/><line number="290" hits="4"/><line number="291" hits="3"/><line number="292" hits="1"/><line number="296" hits="1"/><line number="297" hits="1"/><line number="302" hits="0"/><line number="303" hits="0"/><line number="304" hits="0"/><line number="311" hits="0"/><line number="316" hits="12"/><line number="317" hits="18"/><line number="320" hits="102"/><line number="324" hits="30"/><line number="325" hits="75"/><line number="326" hits="15"/><line number="333" hits="6"/><line number="338" hits="4"/><line number="339" hits="6"/><line number="343" hits="1"/><line number="348" hits="7"/><line number="349" hits="9"/><line number="352" hits="1"/><line number="357" hits="6"/><line number="358" hits="12"/><line number="360" hits="12"/><line number="361" hits="12"/><line number="363" hits="12"/><line number="364" hits="6"/><line number="367" hits="6"/><line number="368" hits="6"/><line number="371" hits="3"/><line number="376" hits="4"/><line number="377" hits="6"/><line number="381" hits="4"/><line number="382" hits="4"/><line number="384" hits="4"/><line number="385" hits="4"/><line number="387" hits="4"/><line number="390" hits="4"/><line number="395" hits="2"/><line number="396" hits="2"/><line number="397" hits="2"/><line number="398" hits="2"/><line number="399" hits="2"/></lines></class><class name="common" filename="src/common.rs" line-rate="0.16363636363636364" branch-rate="0" complexity="0"><methods/><lines><line number="50" hits="137"/><line number="51" hits="137"/><line number="55" hits="113"/><line number="56" hits="113"/><line number="60" hits="80"/><line number="61" hits="80"/><line number="140" hits="0"/><line number="141" hits="0"/><line number="142" hits="0"/><line number="143" hits="0"/><line number="144" hits="0"/><line number="145" hits="0"/><line number="146" hits="0"/><line number="147" hits="0"/><line number="148" hits="0"/><line number="153" hits="0"/><line number="154" hits="0"/><line number="158" hits="0"/><line number="159" hits="0"/><line number="160" hits="0"/><line number="161" hits="0"/><line number="162" hits="0"/><line number="163" hits="0"/><line number="164" hits="0"/><line number="165" hits="0"/><line number="170" hits="0"/><line number="171" hits="0"/><line number="172" hits="0"/><line number="173" hits="0"/><line number="174" hits="0"/><line number="175" hits="0"/><line number="176" hits="0"/><line number="177" hits="0"/><line number="178" hits="0"/><line number="179" hits="0"/><line number="180" hits="0"/><line number="181" hits="0"/><line number="182" hits="0"/><line number="183" hits="0"/><line number="184" hits="0"/><line number="185" hits="0"/><line number="186" hits="0"/><line number="187" hits="0"/><line number="188" hits="0"/><line number="189" hits="0"/><line number="198" hits="0"/><line number="200" hits="0"/><line number="224" hits="16"/><line number="240" hits="2"/><line number="241" hits="3"/><line number="286" hits="6"/><line number="288" hits="6"/><line number="289" hits="0"/><line number="290" hits="0"/><line number="295" hits="0"/><line number="296" hits="0"/><line number="302" hits="0"/><line number="303" hits="0"/><line number="308" hits="0"/><line number="309" hits="0"/><line number="313" hits="12"/><line number="314" hits="0"/><line number="315" hits="0"/><line number="321" hits="0"/><line number="322" hits="0"/><line number="328" hits="0"/><line number="329" hits="0"/><line number="334" hits="0"/><line number="335" hits="0"/><line number="341" hits="0"/><line number="342" hits="0"/><line number="347" hits="0"/><line number="348" hits="0"/><line number="354" hits="0"/><line number="362" hits="0"/><line number="363" hits="0"/><line number="364" hits="0"/><line number="367" hits="0"/><line number="369" hits="0"/><line number="370" hits="0"/><line number="372" hits="0"/><line number="373" hits="0"/><line number="375" hits="0"/><line number="378" hits="0"/><line number="381" hits="0"/><line number="382" hits="0"/><line number="386" hits="0"/><line number="387" hits="0"/><line number="388" hits="0"/><line number="389" hits="0"/><line number="390" hits="0"/><line number="391" hits="0"/><line number="392" hits="0"/><line number="394" hits="0"/><line number="395" hits="0"/><line number="399" hits="0"/><line number="400" hits="0"/><line number="401" hits="0"/><line number="402" hits="0"/><line number="403" hits="0"/><line number="404" hits="0"/><line number="405" hits="0"/><line number="407" hits="0"/><line number="408" hits="0"/><line number="413" hits="11"/><line number="415" hits="22"/><line number="417" hits="33"/><line number="425" hits="22"/><line number="427" hits="22"/><line number="431" hits="11"/></lines></class><class name="epoch" filename="src/epoch.rs" line-rate="0.574468085106383" branch-rate="0" complexity="0"><methods/><lines><line number="18" hits="33"/><line number="20" hits="33"/><line number="26" hits="2"/><line number="28" hits="2"/><line number="34" hits="2"/><line number="35" hits="4"/><line number="39" hits="0"/><line number="41" hits="0"/><line number="42" hits="0"/><line number="47" hits="0"/><line number="48" hits="0"/><line number="60" hits="2"/><line number="61" hits="4"/><line number="65" hits="0"/><line number="66" hits="0"/><line number="72" hits="1"/><line number="76" hits="3"/><line number="77" hits="3"/><line number="85" hits="0"/><line number="90" hits="0"/><line number="91" hits="0"/><line number="92" hits="0"/><line number="93" hits="0"/><line number="94" hits="0"/><line number="95" hits="0"/><line number="102" hits="1"/><line number="104" hits="3"/><line number="116" hits="1"/><line number="121" hits="1"/><line number="123" hits="1"/><line number="128" hits="2"/><line number="129" hits="4"/><line number="134" hits="1"/><line number="135" hits="1"/><line number="141" hits="2"/><line number="142" hits="4"/><line number="143" hits="1"/><line number="145" hits="1"/><line number="152" hits="0"/><line number="153" hits="0"/><line number="154" hits="0"/><line number="156" hits="0"/><line number="165" hits="0"/><line number="166" hits="0"/><line number="181" hits="1"/><line number="185" hits="3"/><line number="186" hits="1"/></lines></class><class name="gc" filename="src/gc.rs" line-rate="0.8611111111111112" branch-rate="0" complexity="0"><methods/><lines><line number="74" hits="9"/><line number="76" hits="9"/><line number="86" hits="16"/><line number="88" hits="32"/><line number="89" hits="32"/><line number="92" hits="48"/><line number="93" hits="16"/><line number="94" hits="16"/><line number="99" hits="1"/><line number="100" hits="3"/><line number="104" hits="1"/><line number="105" hits="1"/><line number="109" hits="6"/><line number="111" hits="12"/><line number="112" hits="1"/><line number="113" hits="1"/><line number="118" hits="0"/><line number="127" hits="2"/><line number="130" hits="2"/><line number="131" hits="6"/><line number="133" hits="2"/><line number="134" hits="4"/><line number="135" hits="4"/><line number="136" hits="2"/><line number="137" hits="2"/><line number="138" hits="2"/><line number="139" hits="4"/><line number="140" hits="2"/><line number="144" hits="0"/><line number="147" hits="0"/><line number="150" hits="0"/><line number="151" hits="0"/><line number="170" hits="0"/><line number="180" hits="2"/><line number="186" hits="8"/><line number="188" hits="2"/><line number="190" hits="1"/><line number="205" hits="0"/><line number="210" hits="0"/><line number="212" hits="0"/><line number="213" hits="0"/><line number="215" hits="0"/><line number="220" hits="1"/><line number="226" hits="2"/><line number="227" hits="3"/><line number="229" hits="1"/><line number="232" hits="3"/><line number="234" hits="101"/><line number="235" hits="100"/><line number="236" hits="50"/><line number="238" hits="50"/><line number="243" hits="3"/><line number="246" hits="101"/><line number="251" hits="4"/><line number="252" hits="4"/><line number="254" hits="1"/><line number="258" hits="1"/><line number="263" hits="2"/><line number="264" hits="2"/><line number="265" hits="2"/><line number="268" hits="102"/><line number="269" hits="400"/><line number="271" hits="210"/><line number="272" hits="60"/><line number="273" hits="20"/><line number="274" hits="20"/><line number="275" hits="10"/><line number="280" hits="1"/><line number="281" hits="0"/><line number="282" hits="0"/><line number="283" hits="0"/><line number="286" hits="4"/><line number="287" hits="4"/><line number="289" hits="1"/><line number="293" hits="10"/><line number="294" hits="20"/><line number="296" hits="210"/><line number="299" hits="200"/><line number="300" hits="0"/><line number="305" hits="20"/><line number="309" hits="6"/><line number="310" hits="12"/><line number="311" hits="12"/><line number="312" hits="12"/><line number="315" hits="12"/><line number="316" hits="12"/><line number="317" hits="12"/><line number="319" hits="16"/><line number="320" hits="4"/><line number="321" hits="7"/><line number="322" hits="3"/><line number="324" hits="1"/><line number="328" hits="24"/><line number="329" hits="24"/><line number="331" hits="6"/><line number="332" hits="24"/><line number="333" hits="12"/><line number="334" hits="12"/><line number="335" hits="12"/><line number="336" hits="12"/><line number="337" hits="6"/><line number="338" hits="6"/><line number="343" hits="5"/><line number="344" hits="15"/><line number="375" hits="150"/><line number="376" hits="450"/><line number="378" hits="200"/><line number="381" hits="100"/></lines></class><class name="hlog" filename="src/hlog.rs" line-rate="0.3737024221453287" branch-rate="0" complexity="0"><methods/><lines><line number="39" hits="0"/><line number="42" hits="0"/><line number="43" hits="0"/><line number="44" hits="0"/><line number="56" hits="21"/><line number="57" hits="63"/><line number="58" hits="42"/><line number="62" hits="42"/><line number="64" hits="0"/><line number="69" hits="2"/><line number="72" hits="6"/><line number="73" hits="2"/><line number="74" hits="2"/><line number="77" hits="1"/><line number="80" hits="2"/><line number="81" hits="3"/><line number="82" hits="1"/><line number="85" hits="2"/><line number="87" hits="4"/><line number="88" hits="2"/><line number="91" hits="0"/><line number="92" hits="0"/><line number="95" hits="0"/><line number="96" hits="0"/><line number="97" hits="0"/><line number="108" hits="24"/><line number="109" hits="96"/><line number="111" hits="24"/><line number="115" hits="40"/><line number="116" hits="160"/><line number="117" hits="120"/><line number="120" hits="0"/><line number="121" hits="0"/><line number="122" hits="0"/><line number="127" hits="17"/><line number="128" hits="85"/><line number="129" hits="51"/><line number="133" hits="0"/><line number="135" hits="0"/><line number="136" hits="0"/><line number="138" hits="0"/><line number="139" hits="0"/><line number="140" hits="0"/><line number="171" hits="13"/><line number="173" hits="39"/><line number="180" hits="0"/><line number="182" hits="0"/><line number="186" hits="1"/><line number="188" hits="3"/><line number="190" hits="1"/><line number="239" hits="23"/><line number="244" hits="46"/><line number="245" hits="23"/><line number="246" hits="0"/><line number="247" hits="0"/><line number="254" hits="41"/><line number="255" hits="41"/><line number="256" hits="41"/><line number="276" hits="0"/><line number="278" hits="23"/><line number="283" hits="16"/><line number="284" hits="32"/><line number="285" hits="0"/><line number="289" hits="64"/><line number="290" hits="32"/><line number="292" hits="16"/><line number="294" hits="64"/><line number="297" hits="48"/><line number="298" hits="0"/><line number="304" hits="0"/><line number="306" hits="0"/><line number="312" hits="0"/><line number="313" hits="0"/><line number="325" hits="16"/><line number="326" hits="48"/><line number="327" hits="48"/><line number="329" hits="32"/><line number="330" hits="48"/><line number="332" hits="32"/><line number="336" hits="80"/><line number="337" hits="64"/><line number="342" hits="0"/><line number="346" hits="14"/><line number="347" hits="42"/><line number="348" hits="42"/><line number="350" hits="28"/><line number="351" hits="0"/><line number="357" hits="14"/><line number="362" hits="56"/><line number="363" hits="14"/><line number="367" hits="0"/><line number="371" hits="14"/><line number="373" hits="42"/><line number="377" hits="14"/><line number="380" hits="0"/><line number="382" hits="14"/><line number="386" hits="16"/><line number="388" hits="48"/><line number="391" hits="16"/><line number="392" hits="0"/><line number="399" hits="0"/><line number="403" hits="0"/><line number="408" hits="0"/><line number="409" hits="0"/><line number="412" hits="0"/><line number="414" hits="0"/><line number="419" hits="0"/><line number="422" hits="0"/><line number="423" hits="0"/><line number="426" hits="0"/><line number="430" hits="0"/><line number="436" hits="39"/><line number="437" hits="78"/><line number="439" hits="117"/><line number="440" hits="62"/><line number="442" hits="115"/><line number="443" hits="69"/><line number="446" hits="92"/><line number="447" hits="23"/><line number="450" hits="39"/><line number="455" hits="15"/><line number="456" hits="45"/><line number="457" hits="90"/><line number="458" hits="30"/><line number="463" hits="0"/><line number="464" hits="0"/><line number="465" hits="0"/><line number="468" hits="0"/><line number="470" hits="0"/><line number="476" hits="0"/><line number="477" hits="0"/><line number="478" hits="0"/><line number="481" hits="0"/><line number="482" hits="0"/><line number="485" hits="0"/><line number="489" hits="0"/><line number="490" hits="0"/><line number="494" hits="0"/><line number="495" hits="0"/><line number="497" hits="0"/><line number="499" hits="0"/><line number="500" hits="0"/><line number="502" hits="0"/><line number="506" hits="0"/><line number="510" hits="38"/><line number="511" hits="114"/><line number="512" hits="114"/><line number="516" hits="25"/><line number="517" hits="100"/><line number="521" hits="2"/><line number="522" hits="8"/><line number="526" hits="25"/><line number="527" hits="100"/><line number="532" hits="0"/><line number="533" hits="0"/><line number="534" hits="0"/><line number="536" hits="0"/><line number="538" hits="0"/><line number="545" hits="0"/><line number="547" hits="0"/><line number="554" hits="0"/><line number="555" hits="0"/><line number="559" hits="0"/><line number="561" hits="0"/><line number="565" hits="0"/><line number="568" hits="0"/><line number="572" hits="0"/><line number="579" hits="0"/><line number="580" hits="0"/><line number="584" hits="0"/><line number="586" hits="0"/><line number="588" hits="0"/><line number="589" hits="0"/><line number="591" hits="0"/><line number="593" hits="0"/><line number="594" hits="0"/><line number="601" hits="0"/><line number="602" hits="0"/><line number="603" hits="0"/><line number="606" hits="0"/><line number="609" hits="0"/><line number="611" hits="0"/><line number="616" hits="0"/><line number="617" hits="0"/><line number="618" hits="0"/><line number="620" hits="0"/><line number="627" hits="30"/><line number="628" hits="75"/><line number="630" hits="15"/><line number="632" hits="14"/><line number="635" hits="0"/><line number="641" hits="1"/><line number="642" hits="3"/><line number="646" hits="1"/><line number="651" hits="0"/><line number="654" hits="1"/><line number="659" hits="2"/><line number="660" hits="2"/><line number="663" hits="1"/><line number="664" hits="3"/><line number="665" hits="3"/><line number="667" hits="1"/><line number="669" hits="0"/><line number="675" hits="0"/><line number="685" hits="0"/><line number="690" hits="1"/><line number="691" hits="1"/><line number="692" hits="1"/><line number="696" hits="0"/><line number="712" hits="0"/><line number="713" hits="0"/><line number="714" hits="0"/><line number="718" hits="0"/><line number="720" hits="0"/><line number="721" hits="0"/><line number="732" hits="0"/><line number="733" hits="0"/><line number="736" hits="0"/><line number="740" hits="0"/><line number="741" hits="0"/><line number="743" hits="0"/><line number="744" hits="0"/><line number="745" hits="0"/><line number="747" hits="0"/><line number="749" hits="0"/><line number="753" hits="0"/><line number="754" hits="0"/><line number="756" hits="0"/><line number="759" hits="0"/><line number="760" hits="0"/><line number="763" hits="0"/><line number="764" hits="0"/><line number="767" hits="0"/><line number="771" hits="0"/><line number="772" hits="0"/><line number="773" hits="0"/><line number="776" hits="0"/><line number="777" hits="0"/><line number="779" hits="0"/><line number="784" hits="0"/><line number="785" hits="0"/><line number="787" hits="0"/><line number="788" hits="0"/><line number="789" hits="0"/><line number="791" hits="0"/><line number="792" hits="0"/><line number="793" hits="0"/><line number="794" hits="0"/><line number="800" hits="0"/><line number="801" hits="0"/><line number="802" hits="0"/><line number="805" hits="0"/><line number="806" hits="0"/><line number="807" hits="0"/><line number="808" hits="0"/><line number="810" hits="0"/><line number="811" hits="0"/><line number="812" hits="0"/><line number="818" hits="0"/><line number="819" hits="0"/><line number="820" hits="0"/><line number="823" hits="0"/><line number="824" hits="0"/><line number="825" hits="0"/><line number="826" hits="0"/><line number="828" hits="0"/><line number="829" hits="0"/><line number="831" hits="0"/><line number="834" hits="0"/><line number="835" hits="0"/><line number="838" hits="0"/><line number="839" hits="0"/><line number="840" hits="0"/><line number="843" hits="0"/><line number="844" hits="0"/><line number="847" hits="0"/><line number="848" hits="0"/><line number="850" hits="0"/><line number="851" hits="0"/><line number="852" hits="0"/><line number="854" hits="0"/><line number="855" hits="0"/><line number="859" hits="0"/><line number="864" hits="0"/><line number="865" hits="0"/><line number="872" hits="108"/><line number="873" hits="108"/><line number="878" hits="105"/><line number="879" hits="105"/></lines></class><class name="index" filename="src/index.rs" line-rate="0.9111111111111111" branch-rate="0" complexity="0"><methods/><lines><line number="21" hits="0"/><line number="23" hits="0"/><line number="27" hits="6"/><line number="28" hits="12"/><line number="29" hits="18"/><line number="30" hits="12"/><line number="35" hits="0"/><line number="36" hits="0"/><line number="52" hits="1"/><line number="53" hits="3"/><line number="62" hits="2"/><line number="64" hits="6"/><line number="65" hits="2"/><line number="66" hits="1"/><line number="89" hits="20"/><line number="91" hits="40"/><line number="97" hits="6"/><line number="99" hits="18"/><line number="106" hits="186"/><line number="107" hits="1086"/><line number="112" hits="291"/><line number="113" hits="1164"/><line number="118" hits="2"/><line number="122" hits="4"/><line number="123" hits="1"/><line number="124" hits="1"/><line number="125" hits="3"/><line number="126" hits="1"/><line number="133" hits="2"/><line number="134" hits="6"/><line number="136" hits="2"/><line number="137" hits="1"/><line number="140" hits="1"/><line number="145" hits="2"/><line number="146" hits="8"/><line number="151" hits="2"/><line number="152" hits="6"/><line number="154" hits="2"/><line number="155" hits="3"/><line number="157" hits="1"/><line number="160" hits="0"/><line number="165" hits="12"/><line number="166" hits="24"/><line number="170" hits="5"/><line number="171" hits="10"/><line number="175" hits="5"/><line number="176" hits="10"/><line number="181" hits="10"/><line number="185" hits="236"/><line number="186" hits="0"/><line number="192" hits="1"/><line number="196" hits="2"/><line number="197" hits="7"/><line number="198" hits="0"/><line number="199" hits="0"/><line number="200" hits="2"/><line number="201" hits="8"/><line number="204" hits="1"/><line number="209" hits="1"/><line number="213" hits="2"/><line number="216" hits="3"/><line number="218" hits="4"/><line number="219" hits="9"/><line number="220" hits="6"/><line number="221" hits="6"/><line number="222" hits="2"/><line number="224" hits="1"/><line number="230" hits="5"/><line number="231" hits="2"/><line number="232" hits="2"/><line number="236" hits="1"/><line number="241" hits="17"/><line number="242" hits="17"/><line number="244" hits="389"/><line number="250" hits="2"/><line number="251" hits="4"/><line number="252" hits="10"/><line number="258" hits="1"/><line number="259" hits="3"/><line number="263" hits="2"/><line number="265" hits="2"/><line number="266" hits="201"/><line number="270" hits="2"/><line number="271" hits="2"/><line number="277" hits="2"/><line number="278" hits="1"/><line number="302" hits="15"/><line number="303" hits="45"/><line number="307" hits="6"/><line number="311" hits="24"/></lines></class><class name="metrics" filename="src/metrics.rs" line-rate="0.5639097744360902" branch-rate="0" complexity="0"><methods/><lines><line number="256" hits="1"/><line number="258" hits="2"/><line number="259" hits="2"/><line number="260" hits="2"/><line number="261" hits="2"/><line number="262" hits="2"/><line number="263" hits="1"/><line number="264" hits="1"/><line number="269" hits="1"/><line number="270" hits="3"/><line number="271" hits="4"/><line number="273" hits="2"/><line number="274" hits="2"/><line number="276" hits="0"/><line number="279" hits="2"/><line number="283" hits="1"/><line number="284" hits="3"/><line number="285" hits="4"/><line number="286" hits="2"/><line number="290" hits="1"/><line number="291" hits="3"/><line number="292" hits="2"/><line number="296" hits="0"/><line number="297" hits="0"/><line number="298" hits="0"/><line number="302" hits="0"/><line number="303" hits="0"/><line number="304" hits="0"/><line number="305" hits="0"/><line number="307" hits="0"/><line number="308" hits="0"/><line number="313" hits="0"/><line number="314" hits="0"/><line number="317" hits="0"/><line number="318" hits="0"/><line number="319" hits="0"/><line number="320" hits="0"/><line number="322" hits="0"/><line number="323" hits="0"/><line number="329" hits="0"/><line number="330" hits="0"/><line number="332" hits="0"/><line number="333" hits="0"/><line number="334" hits="0"/><line number="335" hits="0"/><line number="336" hits="0"/><line number="337" hits="0"/><line number="338" hits="0"/><line number="339" hits="0"/><line number="344" hits="1"/><line number="345" hits="3"/><line number="346" hits="3"/><line number="349" hits="4"/><line number="350" hits="4"/><line number="351" hits="4"/><line number="352" hits="4"/><line number="353" hits="4"/><line number="354" hits="4"/><line number="356" hits="2"/><line number="357" hits="2"/><line number="358" hits="0"/><line number="360" hits="1"/><line number="363" hits="2"/><line number="364" hits="2"/><line number="366" hits="0"/><line number="370" hits="2"/><line number="375" hits="1"/><line number="387" hits="1"/><line number="414" hits="1"/><line number="458" hits="0"/><line number="460" hits="0"/><line number="461" hits="0"/><line number="462" hits="0"/><line number="463" hits="0"/><line number="464" hits="0"/><line number="465" hits="0"/><line number="466" hits="0"/><line number="467" hits="0"/><line number="470" hits="0"/><line number="471" hits="0"/><line number="472" hits="0"/><line number="473" hits="0"/><line number="481" hits="1"/><line number="483" hits="3"/><line number="484" hits="3"/><line number="485" hits="3"/><line number="486" hits="1"/><line number="492" hits="5"/><line number="494" hits="10"/><line number="495" hits="80"/><line number="500" hits="10"/><line number="501" hits="10"/><line number="502" hits="5"/><line number="503" hits="5"/><line number="507" hits="6"/><line number="508" hits="12"/><line number="511" hits="24"/><line number="512" hits="6"/><line number="513" hits="12"/><line number="514" hits="12"/><line number="516" hits="4"/><line number="517" hits="0"/><line number="521" hits="24"/><line number="522" hits="6"/><line number="523" hits="18"/><line number="524" hits="18"/><line number="526" hits="6"/><line number="527" hits="0"/><line number="532" hits="48"/><line number="533" hits="18"/><line number="534" hits="6"/><line number="540" hits="18"/><line number="541" hits="24"/><line number="544" hits="10"/><line number="545" hits="40"/><line number="546" hits="10"/><line number="547" hits="0"/><line number="553" hits="22"/><line number="554" hits="22"/><line number="555" hits="11"/><line number="556" hits="10"/><line number="560" hits="0"/><line number="563" hits="0"/><line number="564" hits="0"/><line number="565" hits="0"/><line number="567" hits="0"/><line number="568" hits="0"/><line number="569" hits="0"/><line number="570" hits="0"/><line number="575" hits="0"/><line number="576" hits="0"/><line number="584" hits="0"/><line number="585" hits="0"/></lines></class><class name="rskv" filename="src/rskv.rs" line-rate="0.7142857142857143" branch-rate="0" complexity="0"><methods/><lines><line number="51" hits="12"/><line number="53" hits="12"/><line number="55" hits="6"/><line number="60" hits="0"/><line number="64" hits="6"/><line number="68" hits="6"/><line number="71" hits="6"/><line number="83" hits="6"/><line number="105" hits="0"/><line number="106" hits="0"/><line number="121" hits="5"/><line number="122" hits="1"/><line number="123" hits="1"/><line number="126" hits="6"/><line number="133" hits="24"/><line number="135" hits="48"/><line number="138" hits="72"/><line number="141" hits="36"/><line number="153" hits="20"/><line number="155" hits="30"/><line number="156" hits="20"/><line number="157" hits="0"/><line number="161" hits="30"/><line number="165" hits="2"/><line number="170" hits="0"/><line number="171" hits="0"/><line number="181" hits="2"/><line number="183" hits="4"/><line number="186" hits="5"/><line number="189" hits="3"/><line number="198" hits="4"/><line number="199" hits="6"/><line number="200" hits="1"/><line number="201" hits="1"/><line number="207" hits="1"/><line number="208" hits="1"/><line number="213" hits="1"/><line number="214" hits="1"/><line number="218" hits="2"/><line number="219" hits="4"/><line number="220" hits="4"/><line number="221" hits="4"/><line number="222" hits="4"/><line number="223" hits="4"/><line number="231" hits="8"/><line number="232" hits="8"/><line number="233" hits="4"/><line number="239" hits="2"/><line number="240" hits="2"/><line number="242" hits="1"/><line number="245" hits="2"/><line number="247" hits="0"/><line number="252" hits="0"/><line number="253" hits="0"/><line number="257" hits="0"/><line number="258" hits="0"/><line number="262" hits="2"/><line number="263" hits="2"/><line number="268" hits="0"/><line number="269" hits="0"/><line number="273" hits="0"/><line number="274" hits="0"/><line number="276" hits="0"/><line number="279" hits="0"/><line number="281" hits="0"/><line number="286" hits="1"/><line number="287" hits="2"/><line number="291" hits="0"/><line number="292" hits="0"/><line number="296" hits="0"/><line number="297" hits="0"/><line number="302" hits="2"/><line number="303" hits="2"/><line number="306" hits="5"/><line number="307" hits="9"/><line number="309" hits="3"/><line number="310" hits="3"/><line number="315" hits="1"/><line number="319" hits="2"/><line number="320" hits="2"/><line number="322" hits="5"/><line number="323" hits="6"/><line number="324" hits="6"/><line number="326" hits="2"/><line number="327" hits="2"/><line number="333" hits="1"/><line number="337" hits="0"/><line number="338" hits="0"/><line number="342" hits="2"/><line number="343" hits="1"/><line number="347" hits="0"/><line number="348" hits="0"/><line number="352" hits="2"/><line number="353" hits="1"/><line number="356" hits="1"/><line number="359" hits="1"/><line number="363" hits="2"/><line number="365" hits="1"/><line number="367" hits="0"/><line number="368" hits="0"/><line number="370" hits="0"/><line number="374" hits="1"/><line number="375" hits="0"/><line number="379" hits="1"/><line number="381" hits="1"/></lines></class></classes></package></packages></coverage>