<?xml version="1.0"?><coverage lines-covered="700" lines-valid="1174" line-rate="0.596252129471891" branches-covered="0" branches-valid="0" branch-rate="0" complexity="0" version="1.9" timestamp="1756299149"><sources><source>/Users/xuesong.zhao/repo/rust/rskv</source></sources><packages><package name="examples" line-rate="0" branch-rate="0" complexity="0"><classes></classes></package><package name="benches" line-rate="0" branch-rate="0" complexity="0"><classes></classes></package><package name="src" line-rate="0.596252129471891" branch-rate="0" complexity="0"><classes><class name="background" filename="src/background.rs" line-rate="0.7203389830508474" branch-rate="0" complexity="0"><methods/><lines><line number="43" hits="11"/><line number="51" hits="33"/><line number="57" hits="11"/><line number="62" hits="7"/><line number="63" hits="14"/><line number="64" hits="14"/><line number="65" hits="14"/><line number="68" hits="1"/><line number="69" hits="1"/><line number="73" hits="0"/><line number="78" hits="6"/><line number="79" hits="24"/><line number="80" hits="12"/><line number="84" hits="5"/><line number="85" hits="20"/><line number="86" hits="10"/><line number="93" hits="0"/><line number="98" hits="12"/><line number="99" hits="12"/><line number="100" hits="1"/><line number="103" hits="5"/><line number="106" hits="5"/><line number="107" hits="15"/><line number="108" hits="10"/><line number="111" hits="33"/><line number="112" hits="28"/><line number="113" hits="28"/><line number="116" hits="5"/><line number="121" hits="7"/><line number="122" hits="14"/><line number="126" hits="6"/><line number="127" hits="18"/><line number="128" hits="18"/><line number="129" hits="18"/><line number="130" hits="12"/><line number="132" hits="7"/><line number="133" hits="4"/><line number="134" hits="3"/><line number="136" hits="1"/><line number="138" hits="12"/><line number="139" hits="12"/><line number="141" hits="10"/><line number="142" hits="0"/><line number="146" hits="10"/><line number="148" hits="5"/><line number="150" hits="0"/><line number="154" hits="0"/><line number="155" hits="0"/><line number="159" hits="0"/><line number="163" hits="0"/><line number="168" hits="5"/><line number="169" hits="15"/><line number="170" hits="15"/><line number="171" hits="15"/><line number="172" hits="10"/><line number="174" hits="9"/><line number="175" hits="16"/><line number="176" hits="12"/><line number="178" hits="4"/><line number="180" hits="14"/><line number="181" hits="8"/><line number="183" hits="6"/><line number="184" hits="0"/><line number="188" hits="6"/><line number="189" hits="6"/><line number="192" hits="0"/><line number="194" hits="0"/><line number="196" hits="0"/><line number="200" hits="0"/><line number="201" hits="0"/><line number="205" hits="0"/><line number="209" hits="3"/><line number="211" hits="0"/><line number="212" hits="0"/><line number="217" hits="3"/><line number="222" hits="6"/><line number="223" hits="18"/><line number="224" hits="18"/><line number="225" hits="18"/><line number="227" hits="11"/><line number="228" hits="15"/><line number="229" hits="15"/><line number="231" hits="5"/><line number="233" hits="12"/><line number="234" hits="4"/><line number="236" hits="2"/><line number="237" hits="0"/><line number="241" hits="1"/><line number="247" hits="4"/><line number="252" hits="0"/><line number="254" hits="0"/><line number="255" hits="0"/><line number="256" hits="0"/><line number="259" hits="0"/><line number="262" hits="0"/><line number="263" hits="0"/><line number="264" hits="0"/><line number="267" hits="0"/><line number="268" hits="0"/><line number="273" hits="0"/><line number="278" hits="0"/><line number="279" hits="0"/><line number="280" hits="0"/><line number="282" hits="0"/><line number="288" hits="2"/><line number="290" hits="6"/><line number="291" hits="4"/><line number="292" hits="4"/><line number="293" hits="4"/><line number="294" hits="4"/><line number="295" hits="2"/><line number="301" hits="11"/><line number="303" hits="33"/><line number="304" hits="11"/><line number="305" hits="33"/><line number="306" hits="22"/><line number="309" hits="22"/><line number="311" hits="7"/></lines></class><class name="checkpoint" filename="src/checkpoint.rs" line-rate="0.8515625" branch-rate="0" complexity="0"><methods/><lines><line number="86" hits="15"/><line number="92" hits="30"/><line number="94" hits="15"/><line number="95" hits="15"/><line number="96" hits="15"/><line number="97" hits="15"/><line number="98" hits="15"/><line number="99" hits="15"/><line number="100" hits="15"/><line number="105" hits="3"/><line number="106" hits="9"/><line number="110" hits="30"/><line number="112" hits="30"/><line number="113" hits="30"/><line number="114" hits="30"/><line number="117" hits="0"/><line number="118" hits="0"/><line number="126" hits="0"/><line number="133" hits="0"/><line number="148" hits="15"/><line number="151" hits="44"/><line number="157" hits="0"/><line number="170" hits="0"/><line number="172" hits="15"/><line number="173" hits="0"/><line number="175" hits="0"/><line number="185" hits="30"/><line number="186" hits="15"/><line number="188" hits="30"/><line number="190" hits="15"/><line number="191" hits="15"/><line number="195" hits="16"/><line number="199" hits="32"/><line number="202" hits="48"/><line number="203" hits="92"/><line number="205" hits="64"/><line number="210" hits="32"/><line number="214" hits="15"/><line number="220" hits="45"/><line number="221" hits="30"/><line number="222" hits="30"/><line number="225" hits="60"/><line number="226" hits="60"/><line number="227" hits="15"/><line number="230" hits="15"/><line number="231" hits="0"/><line number="233" hits="15"/><line number="234" hits="0"/><line number="236" hits="0"/><line number="243" hits="15"/><line number="248" hits="45"/><line number="249" hits="0"/><line number="251" hits="15"/><line number="256" hits="30"/><line number="257" hits="45"/><line number="258" hits="0"/><line number="260" hits="15"/><line number="265" hits="14"/><line number="266" hits="21"/><line number="268" hits="1"/><line number="269" hits="0"/><line number="270" hits="1"/><line number="273" hits="6"/><line number="274" hits="6"/><line number="279" hits="14"/><line number="280" hits="21"/><line number="283" hits="20"/><line number="288" hits="2"/><line number="289" hits="2"/><line number="290" hits="1"/><line number="291" hits="3"/><line number="292" hits="2"/><line number="298" hits="7"/><line number="302" hits="2"/><line number="303" hits="3"/><line number="304" hits="2"/><line number="305" hits="2"/><line number="308" hits="4"/><line number="309" hits="3"/><line number="310" hits="1"/><line number="314" hits="1"/><line number="315" hits="1"/><line number="320" hits="0"/><line number="321" hits="0"/><line number="322" hits="0"/><line number="323" hits="0"/><line number="331" hits="0"/><line number="336" hits="12"/><line number="337" hits="18"/><line number="340" hits="102"/><line number="345" hits="30"/><line number="346" hits="30"/><line number="347" hits="15"/><line number="348" hits="45"/><line number="349" hits="30"/><line number="355" hits="6"/><line number="360" hits="4"/><line number="361" hits="6"/><line number="365" hits="1"/><line number="370" hits="7"/><line number="371" hits="9"/><line number="374" hits="1"/><line number="379" hits="6"/><line number="380" hits="9"/><line number="381" hits="6"/><line number="382" hits="6"/><line number="384" hits="12"/><line number="385" hits="12"/><line number="387" hits="12"/><line number="388" hits="6"/><line number="391" hits="6"/><line number="392" hits="6"/><line number="395" hits="3"/><line number="400" hits="4"/><line number="401" hits="6"/><line number="405" hits="4"/><line number="406" hits="3"/><line number="407" hits="2"/><line number="408" hits="2"/><line number="410" hits="4"/><line number="411" hits="4"/><line number="413" hits="4"/><line number="416" hits="4"/><line number="421" hits="2"/><line number="422" hits="2"/><line number="423" hits="2"/><line number="424" hits="2"/><line number="425" hits="2"/></lines></class><class name="common" filename="src/common.rs" line-rate="0.1978021978021978" branch-rate="0" complexity="0"><methods/><lines><line number="50" hits="137"/><line number="51" hits="137"/><line number="55" hits="113"/><line number="56" hits="113"/><line number="60" hits="80"/><line number="61" hits="80"/><line number="140" hits="0"/><line number="141" hits="0"/><line number="142" hits="0"/><line number="153" hits="0"/><line number="154" hits="0"/><line number="158" hits="0"/><line number="159" hits="0"/><line number="160" hits="0"/><line number="170" hits="0"/><line number="171" hits="0"/><line number="172" hits="0"/><line number="173" hits="0"/><line number="174" hits="0"/><line number="175" hits="0"/><line number="176" hits="0"/><line number="177" hits="0"/><line number="178" hits="0"/><line number="179" hits="0"/><line number="180" hits="0"/><line number="181" hits="0"/><line number="182" hits="0"/><line number="183" hits="0"/><line number="184" hits="0"/><line number="185" hits="0"/><line number="186" hits="0"/><line number="187" hits="0"/><line number="188" hits="0"/><line number="189" hits="0"/><line number="198" hits="0"/><line number="200" hits="0"/><line number="224" hits="16"/><line number="240" hits="2"/><line number="241" hits="3"/><line number="286" hits="6"/><line number="288" hits="6"/><line number="289" hits="0"/><line number="290" hits="0"/><line number="295" hits="0"/><line number="296" hits="0"/><line number="302" hits="0"/><line number="303" hits="0"/><line number="308" hits="0"/><line number="309" hits="0"/><line number="313" hits="12"/><line number="314" hits="0"/><line number="315" hits="0"/><line number="321" hits="0"/><line number="322" hits="0"/><line number="328" hits="0"/><line number="329" hits="0"/><line number="334" hits="0"/><line number="335" hits="0"/><line number="341" hits="0"/><line number="342" hits="0"/><line number="347" hits="0"/><line number="348" hits="0"/><line number="354" hits="0"/><line number="355" hits="0"/><line number="356" hits="0"/><line number="366" hits="0"/><line number="373" hits="0"/><line number="375" hits="0"/><line number="376" hits="0"/><line number="378" hits="0"/><line number="379" hits="0"/><line number="381" hits="0"/><line number="384" hits="0"/><line number="387" hits="0"/><line number="388" hits="0"/><line number="392" hits="0"/><line number="394" hits="0"/><line number="395" hits="0"/><line number="402" hits="0"/><line number="403" hits="0"/><line number="407" hits="0"/><line number="409" hits="0"/><line number="410" hits="0"/><line number="417" hits="0"/><line number="418" hits="0"/><line number="423" hits="11"/><line number="425" hits="22"/><line number="427" hits="33"/><line number="435" hits="22"/><line number="437" hits="22"/><line number="441" hits="11"/></lines></class><class name="epoch" filename="src/epoch.rs" line-rate="0.574468085106383" branch-rate="0" complexity="0"><methods/><lines><line number="19" hits="33"/><line number="21" hits="33"/><line number="27" hits="2"/><line number="29" hits="2"/><line number="35" hits="2"/><line number="36" hits="4"/><line number="40" hits="0"/><line number="42" hits="0"/><line number="43" hits="0"/><line number="48" hits="0"/><line number="49" hits="0"/><line number="61" hits="2"/><line number="62" hits="4"/><line number="66" hits="0"/><line number="67" hits="0"/><line number="73" hits="1"/><line number="77" hits="3"/><line number="78" hits="3"/><line number="86" hits="0"/><line number="91" hits="0"/><line number="92" hits="0"/><line number="93" hits="0"/><line number="94" hits="0"/><line number="95" hits="0"/><line number="96" hits="0"/><line number="103" hits="1"/><line number="105" hits="3"/><line number="117" hits="1"/><line number="122" hits="1"/><line number="124" hits="1"/><line number="129" hits="2"/><line number="130" hits="4"/><line number="139" hits="1"/><line number="140" hits="1"/><line number="150" hits="2"/><line number="151" hits="4"/><line number="152" hits="1"/><line number="154" hits="1"/><line number="165" hits="0"/><line number="166" hits="0"/><line number="167" hits="0"/><line number="169" hits="0"/><line number="178" hits="0"/><line number="179" hits="0"/><line number="194" hits="1"/><line number="198" hits="3"/><line number="199" hits="1"/></lines></class><class name="gc" filename="src/gc.rs" line-rate="0.853448275862069" branch-rate="0" complexity="0"><methods/><lines><line number="76" hits="9"/><line number="78" hits="9"/><line number="88" hits="16"/><line number="90" hits="32"/><line number="91" hits="32"/><line number="94" hits="48"/><line number="95" hits="16"/><line number="96" hits="16"/><line number="101" hits="1"/><line number="102" hits="3"/><line number="106" hits="1"/><line number="107" hits="1"/><line number="111" hits="6"/><line number="113" hits="6"/><line number="114" hits="6"/><line number="115" hits="6"/><line number="118" hits="1"/><line number="119" hits="1"/><line number="124" hits="0"/><line number="133" hits="2"/><line number="136" hits="2"/><line number="137" hits="6"/><line number="139" hits="2"/><line number="140" hits="4"/><line number="141" hits="4"/><line number="142" hits="2"/><line number="143" hits="2"/><line number="144" hits="2"/><line number="145" hits="4"/><line number="146" hits="2"/><line number="151" hits="0"/><line number="157" hits="0"/><line number="158" hits="0"/><line number="161" hits="0"/><line number="163" hits="0"/><line number="186" hits="0"/><line number="198" hits="2"/><line number="204" hits="8"/><line number="206" hits="2"/><line number="208" hits="1"/><line number="223" hits="0"/><line number="228" hits="0"/><line number="229" hits="0"/><line number="233" hits="0"/><line number="234" hits="0"/><line number="236" hits="0"/><line number="242" hits="1"/><line number="248" hits="2"/><line number="249" hits="3"/><line number="251" hits="1"/><line number="254" hits="3"/><line number="256" hits="101"/><line number="257" hits="100"/><line number="258" hits="50"/><line number="260" hits="50"/><line number="265" hits="3"/><line number="268" hits="101"/><line number="273" hits="1"/><line number="274" hits="3"/><line number="275" hits="1"/><line number="276" hits="3"/><line number="278" hits="1"/><line number="282" hits="1"/><line number="287" hits="2"/><line number="288" hits="2"/><line number="289" hits="2"/><line number="292" hits="102"/><line number="293" hits="400"/><line number="295" hits="210"/><line number="296" hits="60"/><line number="297" hits="20"/><line number="298" hits="20"/><line number="299" hits="10"/><line number="304" hits="1"/><line number="305" hits="0"/><line number="306" hits="0"/><line number="307" hits="0"/><line number="310" hits="1"/><line number="311" hits="3"/><line number="312" hits="1"/><line number="313" hits="3"/><line number="315" hits="1"/><line number="319" hits="10"/><line number="324" hits="20"/><line number="326" hits="210"/><line number="329" hits="200"/><line number="330" hits="0"/><line number="335" hits="20"/><line number="339" hits="6"/><line number="340" hits="12"/><line number="341" hits="12"/><line number="342" hits="12"/><line number="345" hits="12"/><line number="346" hits="12"/><line number="347" hits="12"/><line number="349" hits="16"/><line number="350" hits="4"/><line number="351" hits="7"/><line number="352" hits="3"/><line number="354" hits="1"/><line number="358" hits="24"/><line number="359" hits="24"/><line number="361" hits="6"/><line number="362" hits="24"/><line number="363" hits="12"/><line number="364" hits="12"/><line number="365" hits="12"/><line number="366" hits="12"/><line number="367" hits="6"/><line number="368" hits="6"/><line number="373" hits="5"/><line number="374" hits="15"/><line number="405" hits="150"/><line number="406" hits="450"/><line number="407" hits="150"/><line number="409" hits="200"/></lines></class><class name="hlog" filename="src/hlog.rs" line-rate="0.3717105263157895" branch-rate="0" complexity="0"><methods/><lines><line number="40" hits="0"/><line number="41" hits="0"/><line number="45" hits="0"/><line number="46" hits="0"/><line number="47" hits="0"/><line number="59" hits="21"/><line number="60" hits="63"/><line number="61" hits="42"/><line number="66" hits="42"/><line number="68" hits="0"/><line number="73" hits="2"/><line number="76" hits="6"/><line number="77" hits="2"/><line number="78" hits="2"/><line number="81" hits="1"/><line number="84" hits="2"/><line number="85" hits="3"/><line number="86" hits="1"/><line number="89" hits="2"/><line number="91" hits="4"/><line number="92" hits="2"/><line number="95" hits="0"/><line number="96" hits="0"/><line number="99" hits="0"/><line number="100" hits="0"/><line number="101" hits="0"/><line number="112" hits="24"/><line number="113" hits="96"/><line number="115" hits="24"/><line number="119" hits="40"/><line number="120" hits="160"/><line number="121" hits="120"/><line number="124" hits="0"/><line number="125" hits="0"/><line number="126" hits="0"/><line number="131" hits="17"/><line number="132" hits="85"/><line number="133" hits="51"/><line number="137" hits="0"/><line number="144" hits="0"/><line number="145" hits="0"/><line number="147" hits="0"/><line number="148" hits="0"/><line number="149" hits="0"/><line number="151" hits="0"/><line number="152" hits="0"/><line number="183" hits="13"/><line number="185" hits="39"/><line number="192" hits="0"/><line number="194" hits="0"/><line number="198" hits="1"/><line number="200" hits="3"/><line number="202" hits="1"/><line number="251" hits="23"/><line number="256" hits="46"/><line number="257" hits="23"/><line number="258" hits="0"/><line number="259" hits="0"/><line number="266" hits="41"/><line number="267" hits="41"/><line number="268" hits="41"/><line number="291" hits="0"/><line number="293" hits="23"/><line number="298" hits="16"/><line number="299" hits="32"/><line number="300" hits="0"/><line number="304" hits="64"/><line number="305" hits="32"/><line number="307" hits="16"/><line number="309" hits="64"/><line number="312" hits="48"/><line number="313" hits="0"/><line number="319" hits="0"/><line number="321" hits="0"/><line number="331" hits="0"/><line number="332" hits="0"/><line number="344" hits="16"/><line number="345" hits="48"/><line number="346" hits="48"/><line number="348" hits="32"/><line number="349" hits="48"/><line number="351" hits="32"/><line number="352" hits="32"/><line number="356" hits="80"/><line number="357" hits="32"/><line number="358" hits="32"/><line number="359" hits="32"/><line number="368" hits="14"/><line number="369" hits="42"/><line number="370" hits="42"/><line number="372" hits="28"/><line number="373" hits="0"/><line number="374" hits="0"/><line number="381" hits="14"/><line number="386" hits="56"/><line number="387" hits="14"/><line number="391" hits="0"/><line number="395" hits="14"/><line number="397" hits="42"/><line number="401" hits="14"/><line number="403" hits="0"/><line number="406" hits="0"/><line number="408" hits="14"/><line number="412" hits="16"/><line number="414" hits="48"/><line number="417" hits="16"/><line number="418" hits="0"/><line number="425" hits="0"/><line number="429" hits="0"/><line number="434" hits="0"/><line number="435" hits="0"/><line number="438" hits="0"/><line number="440" hits="0"/><line number="445" hits="0"/><line number="448" hits="0"/><line number="449" hits="0"/><line number="452" hits="0"/><line number="462" hits="39"/><line number="463" hits="78"/><line number="465" hits="117"/><line number="466" hits="62"/><line number="468" hits="115"/><line number="469" hits="69"/><line number="472" hits="92"/><line number="473" hits="23"/><line number="476" hits="39"/><line number="481" hits="15"/><line number="482" hits="45"/><line number="483" hits="30"/><line number="484" hits="15"/><line number="485" hits="60"/><line number="486" hits="30"/><line number="491" hits="0"/><line number="492" hits="0"/><line number="493" hits="0"/><line number="494" hits="0"/><line number="495" hits="0"/><line number="498" hits="0"/><line number="500" hits="0"/><line number="501" hits="0"/><line number="510" hits="0"/><line number="511" hits="0"/><line number="512" hits="0"/><line number="515" hits="0"/><line number="516" hits="0"/><line number="519" hits="0"/><line number="523" hits="0"/><line number="524" hits="0"/><line number="528" hits="0"/><line number="529" hits="0"/><line number="531" hits="0"/><line number="533" hits="0"/><line number="534" hits="0"/><line number="536" hits="0"/><line number="540" hits="0"/><line number="544" hits="38"/><line number="545" hits="114"/><line number="546" hits="114"/><line number="550" hits="25"/><line number="551" hits="100"/><line number="555" hits="2"/><line number="556" hits="8"/><line number="560" hits="25"/><line number="561" hits="100"/><line number="566" hits="0"/><line number="567" hits="0"/><line number="568" hits="0"/><line number="569" hits="0"/><line number="570" hits="0"/><line number="572" hits="0"/><line number="574" hits="0"/><line number="581" hits="0"/><line number="583" hits="0"/><line number="584" hits="0"/><line number="594" hits="0"/><line number="595" hits="0"/><line number="599" hits="0"/><line number="601" hits="0"/><line number="605" hits="0"/><line number="608" hits="0"/><line number="612" hits="0"/><line number="619" hits="0"/><line number="620" hits="0"/><line number="624" hits="0"/><line number="631" hits="0"/><line number="633" hits="0"/><line number="634" hits="0"/><line number="636" hits="0"/><line number="638" hits="0"/><line number="639" hits="0"/><line number="646" hits="0"/><line number="647" hits="0"/><line number="648" hits="0"/><line number="651" hits="0"/><line number="654" hits="0"/><line number="656" hits="0"/><line number="661" hits="0"/><line number="662" hits="0"/><line number="663" hits="0"/><line number="665" hits="0"/><line number="666" hits="0"/><line number="675" hits="30"/><line number="676" hits="75"/><line number="678" hits="15"/><line number="680" hits="14"/><line number="684" hits="0"/><line number="693" hits="1"/><line number="694" hits="3"/><line number="698" hits="1"/><line number="704" hits="0"/><line number="707" hits="1"/><line number="712" hits="2"/><line number="713" hits="2"/><line number="716" hits="1"/><line number="717" hits="3"/><line number="718" hits="3"/><line number="720" hits="1"/><line number="722" hits="0"/><line number="728" hits="0"/><line number="738" hits="0"/><line number="743" hits="1"/><line number="744" hits="1"/><line number="745" hits="1"/><line number="750" hits="0"/><line number="770" hits="0"/><line number="771" hits="0"/><line number="772" hits="0"/><line number="777" hits="0"/><line number="779" hits="0"/><line number="780" hits="0"/><line number="791" hits="0"/><line number="792" hits="0"/><line number="795" hits="0"/><line number="799" hits="0"/><line number="800" hits="0"/><line number="802" hits="0"/><line number="803" hits="0"/><line number="804" hits="0"/><line number="806" hits="0"/><line number="808" hits="0"/><line number="812" hits="0"/><line number="813" hits="0"/><line number="815" hits="0"/><line number="818" hits="0"/><line number="819" hits="0"/><line number="822" hits="0"/><line number="823" hits="0"/><line number="826" hits="0"/><line number="830" hits="0"/><line number="831" hits="0"/><line number="832" hits="0"/><line number="835" hits="0"/><line number="836" hits="0"/><line number="838" hits="0"/><line number="843" hits="0"/><line number="844" hits="0"/><line number="846" hits="0"/><line number="847" hits="0"/><line number="848" hits="0"/><line number="850" hits="0"/><line number="851" hits="0"/><line number="852" hits="0"/><line number="853" hits="0"/><line number="859" hits="0"/><line number="860" hits="0"/><line number="861" hits="0"/><line number="864" hits="0"/><line number="865" hits="0"/><line number="866" hits="0"/><line number="867" hits="0"/><line number="869" hits="0"/><line number="870" hits="0"/><line number="871" hits="0"/><line number="877" hits="0"/><line number="878" hits="0"/><line number="879" hits="0"/><line number="882" hits="0"/><line number="883" hits="0"/><line number="884" hits="0"/><line number="885" hits="0"/><line number="887" hits="0"/><line number="888" hits="0"/><line number="890" hits="0"/><line number="893" hits="0"/><line number="894" hits="0"/><line number="897" hits="0"/><line number="898" hits="0"/><line number="899" hits="0"/><line number="902" hits="0"/><line number="903" hits="0"/><line number="906" hits="0"/><line number="907" hits="0"/><line number="909" hits="0"/><line number="910" hits="0"/><line number="911" hits="0"/><line number="913" hits="0"/><line number="914" hits="0"/><line number="918" hits="0"/><line number="923" hits="0"/><line number="924" hits="0"/><line number="931" hits="108"/><line number="932" hits="108"/><line number="937" hits="105"/><line number="938" hits="105"/></lines></class><class name="index" filename="src/index.rs" line-rate="0.9120879120879121" branch-rate="0" complexity="0"><methods/><lines><line number="22" hits="0"/><line number="24" hits="0"/><line number="28" hits="6"/><line number="29" hits="12"/><line number="30" hits="18"/><line number="31" hits="12"/><line number="36" hits="0"/><line number="37" hits="0"/><line number="53" hits="1"/><line number="54" hits="3"/><line number="63" hits="2"/><line number="65" hits="6"/><line number="66" hits="2"/><line number="67" hits="1"/><line number="90" hits="20"/><line number="92" hits="40"/><line number="98" hits="6"/><line number="100" hits="18"/><line number="107" hits="186"/><line number="108" hits="1086"/><line number="113" hits="291"/><line number="114" hits="1164"/><line number="119" hits="2"/><line number="123" hits="4"/><line number="124" hits="1"/><line number="125" hits="1"/><line number="126" hits="3"/><line number="127" hits="1"/><line number="134" hits="2"/><line number="135" hits="6"/><line number="136" hits="2"/><line number="138" hits="2"/><line number="139" hits="1"/><line number="146" hits="2"/><line number="147" hits="8"/><line number="152" hits="2"/><line number="153" hits="6"/><line number="155" hits="2"/><line number="156" hits="3"/><line number="158" hits="1"/><line number="161" hits="0"/><line number="166" hits="12"/><line number="167" hits="24"/><line number="171" hits="5"/><line number="172" hits="10"/><line number="176" hits="5"/><line number="177" hits="10"/><line number="182" hits="10"/><line number="186" hits="236"/><line number="187" hits="0"/><line number="193" hits="1"/><line number="197" hits="2"/><line number="198" hits="7"/><line number="199" hits="0"/><line number="200" hits="0"/><line number="201" hits="2"/><line number="202" hits="8"/><line number="205" hits="1"/><line number="210" hits="1"/><line number="214" hits="2"/><line number="217" hits="3"/><line number="218" hits="1"/><line number="220" hits="4"/><line number="221" hits="9"/><line number="222" hits="6"/><line number="223" hits="6"/><line number="224" hits="2"/><line number="226" hits="1"/><line number="232" hits="5"/><line number="233" hits="2"/><line number="234" hits="2"/><line number="238" hits="1"/><line number="243" hits="17"/><line number="244" hits="17"/><line number="246" hits="389"/><line number="252" hits="2"/><line number="253" hits="4"/><line number="254" hits="10"/><line number="260" hits="1"/><line number="261" hits="3"/><line number="265" hits="2"/><line number="267" hits="2"/><line number="268" hits="201"/><line number="272" hits="2"/><line number="273" hits="2"/><line number="279" hits="2"/><line number="280" hits="1"/><line number="307" hits="15"/><line number="308" hits="45"/><line number="312" hits="6"/><line number="316" hits="24"/></lines></class><class name="metrics" filename="src/metrics.rs" line-rate="0.5174418604651163" branch-rate="0" complexity="0"><methods/><lines><line number="257" hits="1"/><line number="259" hits="2"/><line number="260" hits="2"/><line number="261" hits="2"/><line number="262" hits="2"/><line number="263" hits="2"/><line number="264" hits="1"/><line number="265" hits="1"/><line number="270" hits="1"/><line number="271" hits="3"/><line number="272" hits="1"/><line number="273" hits="1"/><line number="274" hits="3"/><line number="276" hits="2"/><line number="277" hits="2"/><line number="278" hits="2"/><line number="279" hits="1"/><line number="281" hits="0"/><line number="282" hits="0"/><line number="283" hits="0"/><line number="286" hits="2"/><line number="290" hits="1"/><line number="291" hits="3"/><line number="292" hits="1"/><line number="293" hits="1"/><line number="294" hits="3"/><line number="295" hits="2"/><line number="299" hits="1"/><line number="300" hits="1"/><line number="301" hits="1"/><line number="302" hits="2"/><line number="303" hits="2"/><line number="307" hits="0"/><line number="308" hits="0"/><line number="309" hits="0"/><line number="313" hits="0"/><line number="314" hits="0"/><line number="315" hits="0"/><line number="316" hits="0"/><line number="317" hits="0"/><line number="318" hits="0"/><line number="320" hits="0"/><line number="321" hits="0"/><line number="322" hits="0"/><line number="323" hits="0"/><line number="328" hits="0"/><line number="329" hits="0"/><line number="330" hits="0"/><line number="331" hits="0"/><line number="334" hits="0"/><line number="335" hits="0"/><line number="336" hits="0"/><line number="337" hits="0"/><line number="338" hits="0"/><line number="339" hits="0"/><line number="340" hits="0"/><line number="342" hits="0"/><line number="343" hits="0"/><line number="349" hits="0"/><line number="350" hits="0"/><line number="352" hits="0"/><line number="353" hits="0"/><line number="354" hits="0"/><line number="356" hits="0"/><line number="357" hits="0"/><line number="358" hits="0"/><line number="359" hits="0"/><line number="361" hits="0"/><line number="362" hits="0"/><line number="363" hits="0"/><line number="364" hits="0"/><line number="366" hits="0"/><line number="367" hits="0"/><line number="369" hits="0"/><line number="370" hits="0"/><line number="372" hits="0"/><line number="373" hits="0"/><line number="374" hits="0"/><line number="375" hits="0"/><line number="377" hits="0"/><line number="382" hits="1"/><line number="383" hits="3"/><line number="384" hits="3"/><line number="387" hits="4"/><line number="388" hits="4"/><line number="389" hits="4"/><line number="390" hits="4"/><line number="391" hits="4"/><line number="392" hits="4"/><line number="394" hits="2"/><line number="395" hits="2"/><line number="396" hits="0"/><line number="398" hits="1"/><line number="401" hits="2"/><line number="402" hits="2"/><line number="404" hits="0"/><line number="408" hits="2"/><line number="413" hits="1"/><line number="425" hits="1"/><line number="456" hits="1"/><line number="519" hits="0"/><line number="521" hits="0"/><line number="522" hits="0"/><line number="523" hits="0"/><line number="524" hits="0"/><line number="525" hits="0"/><line number="526" hits="0"/><line number="527" hits="0"/><line number="528" hits="0"/><line number="529" hits="0"/><line number="530" hits="0"/><line number="533" hits="0"/><line number="534" hits="0"/><line number="535" hits="0"/><line number="536" hits="0"/><line number="544" hits="1"/><line number="546" hits="3"/><line number="547" hits="3"/><line number="548" hits="3"/><line number="549" hits="1"/><line number="555" hits="5"/><line number="557" hits="10"/><line number="560" hits="80"/><line number="565" hits="10"/><line number="566" hits="10"/><line number="567" hits="5"/><line number="568" hits="5"/><line number="572" hits="6"/><line number="573" hits="12"/><line number="576" hits="24"/><line number="577" hits="6"/><line number="578" hits="12"/><line number="579" hits="8"/><line number="580" hits="8"/><line number="581" hits="4"/><line number="582" hits="4"/><line number="584" hits="4"/><line number="585" hits="0"/><line number="589" hits="24"/><line number="590" hits="6"/><line number="591" hits="18"/><line number="592" hits="12"/><line number="593" hits="12"/><line number="594" hits="6"/><line number="595" hits="6"/><line number="597" hits="6"/><line number="598" hits="0"/><line number="603" hits="48"/><line number="604" hits="18"/><line number="605" hits="6"/><line number="611" hits="18"/><line number="612" hits="24"/><line number="615" hits="10"/><line number="616" hits="40"/><line number="617" hits="10"/><line number="618" hits="0"/><line number="624" hits="22"/><line number="625" hits="22"/><line number="626" hits="11"/><line number="627" hits="10"/><line number="631" hits="0"/><line number="634" hits="0"/><line number="635" hits="0"/><line number="636" hits="0"/><line number="638" hits="0"/><line number="639" hits="0"/><line number="640" hits="0"/><line number="641" hits="0"/><line number="646" hits="0"/><line number="647" hits="0"/><line number="655" hits="0"/><line number="656" hits="0"/></lines></class><class name="rskv" filename="src/rskv.rs" line-rate="0.719626168224299" branch-rate="0" complexity="0"><methods/><lines><line number="52" hits="12"/><line number="54" hits="12"/><line number="56" hits="6"/><line number="61" hits="0"/><line number="65" hits="6"/><line number="69" hits="6"/><line number="72" hits="6"/><line number="84" hits="6"/><line number="106" hits="0"/><line number="107" hits="0"/><line number="122" hits="5"/><line number="123" hits="1"/><line number="124" hits="1"/><line number="127" hits="6"/><line number="134" hits="24"/><line number="136" hits="48"/><line number="139" hits="72"/><line number="142" hits="36"/><line number="154" hits="20"/><line number="156" hits="30"/><line number="157" hits="20"/><line number="158" hits="0"/><line number="162" hits="30"/><line number="166" hits="2"/><line number="171" hits="0"/><line number="172" hits="0"/><line number="182" hits="2"/><line number="184" hits="4"/><line number="187" hits="5"/><line number="190" hits="3"/><line number="199" hits="4"/><line number="200" hits="6"/><line number="201" hits="1"/><line number="202" hits="1"/><line number="208" hits="1"/><line number="209" hits="1"/><line number="214" hits="1"/><line number="215" hits="1"/><line number="219" hits="2"/><line number="220" hits="4"/><line number="221" hits="4"/><line number="222" hits="4"/><line number="223" hits="4"/><line number="224" hits="4"/><line number="232" hits="8"/><line number="233" hits="8"/><line number="234" hits="4"/><line number="240" hits="2"/><line number="241" hits="2"/><line number="243" hits="1"/><line number="246" hits="2"/><line number="248" hits="0"/><line number="253" hits="0"/><line number="254" hits="0"/><line number="258" hits="0"/><line number="259" hits="0"/><line number="263" hits="2"/><line number="264" hits="2"/><line number="265" hits="1"/><line number="266" hits="1"/><line number="271" hits="0"/><line number="272" hits="0"/><line number="276" hits="0"/><line number="277" hits="0"/><line number="279" hits="0"/><line number="282" hits="0"/><line number="285" hits="0"/><line number="292" hits="1"/><line number="293" hits="2"/><line number="297" hits="0"/><line number="298" hits="0"/><line number="302" hits="0"/><line number="303" hits="0"/><line number="308" hits="2"/><line number="309" hits="2"/><line number="312" hits="5"/><line number="313" hits="9"/><line number="315" hits="3"/><line number="316" hits="3"/><line number="321" hits="1"/><line number="325" hits="2"/><line number="326" hits="2"/><line number="328" hits="5"/><line number="329" hits="6"/><line number="330" hits="6"/><line number="331" hits="2"/><line number="333" hits="2"/><line number="337" hits="1"/><line number="341" hits="0"/><line number="342" hits="0"/><line number="346" hits="2"/><line number="347" hits="1"/><line number="351" hits="0"/><line number="352" hits="0"/><line number="356" hits="2"/><line number="357" hits="1"/><line number="360" hits="1"/><line number="363" hits="1"/><line number="367" hits="2"/><line number="369" hits="1"/><line number="371" hits="0"/><line number="372" hits="0"/><line number="374" hits="0"/><line number="378" hits="1"/><line number="379" hits="0"/><line number="383" hits="1"/><line number="385" hits="1"/></lines></class></classes></package></packages></coverage>