TN:
SF:/Users/xuesong.zhao/repo/rust/rskv/src/background.rs
FN:43,BackgroundTaskManager::new
FN:62,BackgroundTaskManager::start
FN:98,BackgroundTaskManager::stop
FN:121,BackgroundTaskManager::is_running
FN:126,BackgroundTaskManager::start_checkpoint_task
FN:168,BackgroundTaskManager::start_gc_task
FN:222,BackgroundTaskManager::start_log_maintenance_task
FN:252,BackgroundTaskManager::perform_log_maintenance
FN:288,BackgroundTaskManager::get_stats
FN:301,<impl Drop for BackgroundTaskManager>::drop
FNF:10
FNDA:11,BackgroundTaskManager::new
FNDA:7,BackgroundTaskManager::start
FNDA:12,BackgroundTaskManager::stop
FNDA:7,BackgroundTaskManager::is_running
FNDA:6,BackgroundTaskManager::start_checkpoint_task
FNDA:5,BackgroundTaskManager::start_gc_task
FNDA:6,BackgroundTaskManager::start_log_maintenance_task
FNDA:0,BackgroundTaskManager::perform_log_maintenance
FNDA:2,BackgroundTaskManager::get_stats
FNDA:11,<impl Drop for BackgroundTaskManager>::drop
DA:43,11
DA:51,33
DA:57,11
DA:62,7
DA:63,14
DA:64,14
DA:65,14
DA:68,1
DA:69,1
DA:73,0
DA:78,6
DA:79,24
DA:80,12
DA:84,5
DA:85,20
DA:86,10
DA:93,0
DA:98,12
DA:99,12
DA:100,1
DA:103,5
DA:106,5
DA:107,15
DA:108,10
DA:111,33
DA:112,28
DA:113,28
DA:116,5
DA:121,7
DA:122,14
DA:126,6
DA:127,18
DA:128,18
DA:129,18
DA:130,12
DA:132,7
DA:133,4
DA:134,3
DA:136,1
DA:138,12
DA:139,12
DA:141,10
DA:142,0
DA:146,10
DA:148,5
DA:150,0
DA:154,0
DA:155,0
DA:159,0
DA:163,0
DA:168,5
DA:169,15
DA:170,15
DA:171,15
DA:172,10
DA:174,9
DA:175,16
DA:176,12
DA:178,4
DA:180,14
DA:181,8
DA:183,6
DA:184,0
DA:188,6
DA:189,6
DA:192,0
DA:194,0
DA:196,0
DA:200,0
DA:201,0
DA:205,0
DA:209,3
DA:211,0
DA:212,0
DA:217,3
DA:222,6
DA:223,18
DA:224,18
DA:225,18
DA:227,11
DA:228,15
DA:229,15
DA:231,5
DA:233,12
DA:234,4
DA:236,2
DA:237,0
DA:241,1
DA:247,4
DA:252,0
DA:254,0
DA:255,0
DA:256,0
DA:259,0
DA:262,0
DA:263,0
DA:264,0
DA:267,0
DA:268,0
DA:273,0
DA:278,0
DA:279,0
DA:280,0
DA:282,0
DA:288,2
DA:290,6
DA:291,4
DA:292,4
DA:293,4
DA:294,4
DA:295,2
DA:301,11
DA:303,33
DA:304,11
DA:305,33
DA:306,22
DA:309,22
DA:311,7
LF:118
LH:85
end_of_record
TN:
SF:/Users/xuesong.zhao/repo/rust/rskv/src/checkpoint.rs
FN:86,CheckpointState::new
FN:105,CheckpointState::is_in_progress
FN:110,CheckpointState::initiate_checkpoint
FN:185,CheckpointState::create_index_snapshot
FN:195,CheckpointState::calculate_snapshot_hash
FN:214,CheckpointState::write_checkpoint_files
FN:243,CheckpointState::write_index_snapshot
FN:256,CheckpointState::write_metadata
FN:265,CheckpointState::recover_from_latest_checkpoint
FN:279,CheckpointState::find_latest_checkpoint
FN:302,CheckpointState::load_checkpoint
FN:336,CheckpointState::list_checkpoints
FN:360,CheckpointState::cleanup_old_checkpoints
FN:379,CheckpointState::delete_checkpoint
FN:400,CheckpointState::get_checkpoint_stats
FNF:15
FNDA:15,CheckpointState::new
FNDA:3,CheckpointState::is_in_progress
FNDA:30,CheckpointState::initiate_checkpoint
FNDA:30,CheckpointState::create_index_snapshot
FNDA:16,CheckpointState::calculate_snapshot_hash
FNDA:15,CheckpointState::write_checkpoint_files
FNDA:15,CheckpointState::write_index_snapshot
FNDA:30,CheckpointState::write_metadata
FNDA:14,CheckpointState::recover_from_latest_checkpoint
FNDA:14,CheckpointState::find_latest_checkpoint
FNDA:2,CheckpointState::load_checkpoint
FNDA:12,CheckpointState::list_checkpoints
FNDA:4,CheckpointState::cleanup_old_checkpoints
FNDA:6,CheckpointState::delete_checkpoint
FNDA:4,CheckpointState::get_checkpoint_stats
DA:86,15
DA:92,30
DA:94,15
DA:95,15
DA:96,15
DA:97,15
DA:98,15
DA:99,15
DA:100,15
DA:105,3
DA:106,9
DA:110,30
DA:112,30
DA:113,30
DA:114,30
DA:117,0
DA:118,0
DA:126,0
DA:133,0
DA:148,15
DA:151,44
DA:157,0
DA:170,0
DA:172,15
DA:173,0
DA:175,0
DA:185,30
DA:186,15
DA:188,30
DA:190,15
DA:191,15
DA:195,16
DA:199,32
DA:202,48
DA:203,92
DA:205,64
DA:210,32
DA:214,15
DA:220,45
DA:221,30
DA:222,30
DA:225,60
DA:226,60
DA:227,15
DA:230,15
DA:231,0
DA:233,15
DA:234,0
DA:236,0
DA:243,15
DA:248,45
DA:249,0
DA:251,15
DA:256,30
DA:257,45
DA:258,0
DA:260,15
DA:265,14
DA:266,21
DA:268,1
DA:269,0
DA:270,1
DA:273,6
DA:274,6
DA:279,14
DA:280,21
DA:283,20
DA:288,2
DA:289,2
DA:290,1
DA:291,3
DA:292,2
DA:298,7
DA:302,2
DA:303,3
DA:304,2
DA:305,2
DA:308,4
DA:309,3
DA:310,1
DA:314,1
DA:315,1
DA:320,0
DA:321,0
DA:322,0
DA:323,0
DA:331,0
DA:336,12
DA:337,18
DA:340,102
DA:345,30
DA:346,30
DA:347,15
DA:348,45
DA:349,30
DA:355,6
DA:360,4
DA:361,6
DA:365,1
DA:370,7
DA:371,9
DA:374,1
DA:379,6
DA:380,9
DA:381,6
DA:382,6
DA:384,12
DA:385,12
DA:387,12
DA:388,6
DA:391,6
DA:392,6
DA:395,3
DA:400,4
DA:401,6
DA:405,4
DA:406,3
DA:407,2
DA:408,2
DA:410,4
DA:411,4
DA:413,4
DA:416,4
DA:421,2
DA:422,2
DA:423,2
DA:424,2
DA:425,2
LF:128
LH:109
end_of_record
TN:
SF:/Users/xuesong.zhao/repo/rust/rskv/src/common.rs
FN:50,get_page
FN:55,get_offset
FN:60,make_address
FN:140,RsKvError::is_recoverable
FN:153,RsKvError::is_corruption
FN:158,RsKvError::is_user_error
FN:170,RsKvError::category
FN:198,<impl From for RsKvError>::from
FN:224,RecordInfo::new
FN:240,RecordInfo::is_null
FN:286,Config::validate
FN:366,Config::with_memory_size
FN:392,Config::high_performance
FN:407,Config::low_memory
FN:423,<impl Default for Config>::default
FNF:15
FNDA:137,get_page
FNDA:113,get_offset
FNDA:80,make_address
FNDA:0,RsKvError::is_recoverable
FNDA:0,RsKvError::is_corruption
FNDA:0,RsKvError::is_user_error
FNDA:0,RsKvError::category
FNDA:0,<impl From for RsKvError>::from
FNDA:16,RecordInfo::new
FNDA:2,RecordInfo::is_null
FNDA:6,Config::validate
FNDA:0,Config::with_memory_size
FNDA:0,Config::high_performance
FNDA:0,Config::low_memory
FNDA:11,<impl Default for Config>::default
DA:50,137
DA:51,137
DA:55,113
DA:56,113
DA:60,80
DA:61,80
DA:140,0
DA:141,0
DA:142,0
DA:153,0
DA:154,0
DA:158,0
DA:159,0
DA:160,0
DA:170,0
DA:171,0
DA:172,0
DA:173,0
DA:174,0
DA:175,0
DA:176,0
DA:177,0
DA:178,0
DA:179,0
DA:180,0
DA:181,0
DA:182,0
DA:183,0
DA:184,0
DA:185,0
DA:186,0
DA:187,0
DA:188,0
DA:189,0
DA:198,0
DA:200,0
DA:224,16
DA:240,2
DA:241,3
DA:286,6
DA:288,6
DA:289,0
DA:290,0
DA:295,0
DA:296,0
DA:302,0
DA:303,0
DA:308,0
DA:309,0
DA:313,12
DA:314,0
DA:315,0
DA:321,0
DA:322,0
DA:328,0
DA:329,0
DA:334,0
DA:335,0
DA:341,0
DA:342,0
DA:347,0
DA:348,0
DA:354,0
DA:355,0
DA:356,0
DA:366,0
DA:373,0
DA:375,0
DA:376,0
DA:378,0
DA:379,0
DA:381,0
DA:384,0
DA:387,0
DA:388,0
DA:392,0
DA:394,0
DA:395,0
DA:402,0
DA:403,0
DA:407,0
DA:409,0
DA:410,0
DA:417,0
DA:418,0
DA:423,11
DA:425,22
DA:427,33
DA:435,22
DA:437,22
DA:441,11
LF:91
LH:18
end_of_record
TN:
SF:/Users/xuesong.zhao/repo/rust/rskv/src/epoch.rs
FN:19,EpochManager::new
FN:27,EpochManager::register
FN:35,EpochManager::pin
FN:40,EpochManager::flush
FN:48,<impl Default for EpochManager>::default
FN:61,EpochHandle::pin
FN:66,EpochHandle::protect
FN:73,EpochHandle::defer
FN:86,EpochHandle::defer_destroy
FN:103,EpochHandle::flush
FN:117,EpochPtr<T>::new
FN:122,EpochPtr<T>::null
FN:129,EpochPtr<T>::is_null
FN:139,EpochPtr<T>::as_ptr
FN:150,EpochPtr<T>::as_ref
FN:165,EpochPtr<T>::as_mut
FN:178,<impl Clone for EpochPtr<T>>::clone
FN:194,<impl EpochProtected for EpochManager>::with_epoch
FNF:18
FNDA:33,EpochManager::new
FNDA:2,EpochManager::register
FNDA:2,EpochManager::pin
FNDA:0,EpochManager::flush
FNDA:0,<impl Default for EpochManager>::default
FNDA:2,EpochHandle::pin
FNDA:0,EpochHandle::protect
FNDA:1,EpochHandle::defer
FNDA:0,EpochHandle::defer_destroy
FNDA:1,EpochHandle::flush
FNDA:1,EpochPtr<T>::new
FNDA:1,EpochPtr<T>::null
FNDA:2,EpochPtr<T>::is_null
FNDA:1,EpochPtr<T>::as_ptr
FNDA:2,EpochPtr<T>::as_ref
FNDA:0,EpochPtr<T>::as_mut
FNDA:0,<impl Clone for EpochPtr<T>>::clone
FNDA:1,<impl EpochProtected for EpochManager>::with_epoch
DA:19,33
DA:21,33
DA:27,2
DA:29,2
DA:35,2
DA:36,4
DA:40,0
DA:42,0
DA:43,0
DA:48,0
DA:49,0
DA:61,2
DA:62,4
DA:66,0
DA:67,0
DA:73,1
DA:77,3
DA:78,3
DA:86,0
DA:91,0
DA:92,0
DA:93,0
DA:94,0
DA:95,0
DA:96,0
DA:103,1
DA:105,3
DA:117,1
DA:122,1
DA:124,1
DA:129,2
DA:130,4
DA:139,1
DA:140,1
DA:150,2
DA:151,4
DA:152,1
DA:154,1
DA:165,0
DA:166,0
DA:167,0
DA:169,0
DA:178,0
DA:179,0
DA:194,1
DA:198,3
DA:199,1
LF:47
LH:27
end_of_record
TN:
SF:/Users/xuesong.zhao/repo/rust/rskv/src/gc.rs
FN:76,<impl Default for GcConfig>::default
FN:88,GcState::new
FN:101,GcState::is_in_progress
FN:106,GcState::last_stats
FN:111,GcState::initiate_gc
FN:198,GcState::calculate_new_begin_address
FN:223,GcState::cleanup_index_entries
FN:242,GcState::parallel_cleanup_index
FN:282,GcState::sequential_cleanup_index
FN:319,GcState::process_batch
FN:339,GcState::estimate_reclaimable_space
FN:373,GcState::should_run_gc
FN:405,<impl ConditionalRemoval for SharedMemHashIndex>::remove_if_address
FNF:13
FNDA:9,<impl Default for GcConfig>::default
FNDA:16,GcState::new
FNDA:1,GcState::is_in_progress
FNDA:1,GcState::last_stats
FNDA:6,GcState::initiate_gc
FNDA:2,GcState::calculate_new_begin_address
FNDA:0,GcState::cleanup_index_entries
FNDA:1,GcState::parallel_cleanup_index
FNDA:1,GcState::sequential_cleanup_index
FNDA:10,GcState::process_batch
FNDA:6,GcState::estimate_reclaimable_space
FNDA:5,GcState::should_run_gc
FNDA:150,<impl ConditionalRemoval for SharedMemHashIndex>::remove_if_address
DA:76,9
DA:78,9
DA:88,16
DA:90,32
DA:91,32
DA:94,48
DA:95,16
DA:96,16
DA:101,1
DA:102,3
DA:106,1
DA:107,1
DA:111,6
DA:113,6
DA:114,6
DA:115,6
DA:118,1
DA:119,1
DA:124,0
DA:133,2
DA:136,2
DA:137,6
DA:139,2
DA:140,4
DA:141,4
DA:142,2
DA:143,2
DA:144,2
DA:145,4
DA:146,2
DA:151,0
DA:157,0
DA:158,0
DA:161,0
DA:163,0
DA:186,0
DA:198,2
DA:204,8
DA:206,2
DA:208,1
DA:223,0
DA:228,0
DA:229,0
DA:233,0
DA:234,0
DA:236,0
DA:242,1
DA:248,2
DA:249,3
DA:251,1
DA:254,3
DA:256,101
DA:257,100
DA:258,50
DA:260,50
DA:265,3
DA:268,101
DA:273,1
DA:274,3
DA:275,1
DA:276,3
DA:278,1
DA:282,1
DA:287,2
DA:288,2
DA:289,2
DA:292,102
DA:293,400
DA:295,210
DA:296,60
DA:297,20
DA:298,20
DA:299,10
DA:304,1
DA:305,0
DA:306,0
DA:307,0
DA:310,1
DA:311,3
DA:312,1
DA:313,3
DA:315,1
DA:319,10
DA:324,20
DA:326,210
DA:329,200
DA:330,0
DA:335,20
DA:339,6
DA:340,12
DA:341,12
DA:342,12
DA:345,12
DA:346,12
DA:347,12
DA:349,16
DA:350,4
DA:351,7
DA:352,3
DA:354,1
DA:358,24
DA:359,24
DA:361,6
DA:362,24
DA:363,12
DA:364,12
DA:365,12
DA:366,12
DA:367,6
DA:368,6
DA:373,5
DA:374,15
DA:405,150
DA:406,450
DA:407,150
DA:409,200
LF:116
LH:99
end_of_record
TN:
SF:/Users/xuesong.zhao/repo/rust/rskv/src/hlog.rs
FN:40,StorageDevice::supports_mmap
FN:45,StorageDevice::get_mmap
FN:59,FileStorageDevice::new
FN:73,<impl StorageDevice for FileStorageDevice>::write
FN:81,<impl StorageDevice for FileStorageDevice>::read
FN:89,<impl StorageDevice for FileStorageDevice>::flush
FN:95,<impl StorageDevice for FileStorageDevice>::size
FN:99,<impl StorageDevice for FileStorageDevice>::truncate
FN:112,AtomicPageOffset::new
FN:119,AtomicPageOffset::load
FN:124,AtomicPageOffset::store
FN:131,AtomicPageOffset::reserve
FN:137,AtomicPageOffset::compare_exchange
FN:183,LogRecord::new
FN:192,LogRecord::serialized_size
FN:198,LogRecord::tombstone
FN:251,HybridLog::new
FN:298,HybridLog::allocate
FN:344,HybridLog::get
FN:368,HybridLog::write
FN:395,HybridLog::insert_record
FN:412,HybridLog::read_record
FN:429,HybridLog::read_record_from_disk
FN:462,HybridLog::allocate_page
FN:481,HybridLog::shift_read_only_address
FN:491,HybridLog::shift_head_address
FN:510,HybridLog::evict_pages_below_head
FN:523,HybridLog::evict_page
FN:544,HybridLog::get_tail_address
FN:550,HybridLog::get_head_address
FN:555,HybridLog::get_read_only_address
FN:560,HybridLog::get_begin_address
FN:566,HybridLog::advance_begin_address
FN:594,HybridLog::truncate_storage
FN:612,HybridLog::mark_space_invalid
FN:624,HybridLog::compact_storage
FN:675,HybridLog::flush_to_disk
FN:712,HybridLog::flush_page_to_disk
FN:770,MmapStorageDevice::new
FN:799,MmapStorageDevice::init_mmap
FN:812,MmapStorageDevice::resize_and_remap
FN:830,MmapStorageDevice::ensure_capacity
FN:843,<impl StorageDevice for MmapStorageDevice>::write
FN:864,<impl StorageDevice for MmapStorageDevice>::read
FN:882,<impl StorageDevice for MmapStorageDevice>::flush
FN:893,<impl StorageDevice for MmapStorageDevice>::size
FN:897,<impl StorageDevice for MmapStorageDevice>::truncate
FN:902,<impl StorageDevice for MmapStorageDevice>::supports_mmap
FN:906,<impl StorageDevice for MmapStorageDevice>::get_mmap
FN:923,<impl Drop for MmapStorageDevice>::drop
FN:931,address_to_u64
FN:937,u64_to_address
FNF:52
FNDA:0,StorageDevice::supports_mmap
FNDA:0,StorageDevice::get_mmap
FNDA:21,FileStorageDevice::new
FNDA:2,<impl StorageDevice for FileStorageDevice>::write
FNDA:1,<impl StorageDevice for FileStorageDevice>::read
FNDA:2,<impl StorageDevice for FileStorageDevice>::flush
FNDA:0,<impl StorageDevice for FileStorageDevice>::size
FNDA:0,<impl StorageDevice for FileStorageDevice>::truncate
FNDA:24,AtomicPageOffset::new
FNDA:40,AtomicPageOffset::load
FNDA:0,AtomicPageOffset::store
FNDA:17,AtomicPageOffset::reserve
FNDA:0,AtomicPageOffset::compare_exchange
FNDA:13,LogRecord::new
FNDA:0,LogRecord::serialized_size
FNDA:1,LogRecord::tombstone
FNDA:23,HybridLog::new
FNDA:16,HybridLog::allocate
FNDA:16,HybridLog::get
FNDA:14,HybridLog::write
FNDA:14,HybridLog::insert_record
FNDA:16,HybridLog::read_record
FNDA:0,HybridLog::read_record_from_disk
FNDA:39,HybridLog::allocate_page
FNDA:15,HybridLog::shift_read_only_address
FNDA:0,HybridLog::shift_head_address
FNDA:0,HybridLog::evict_pages_below_head
FNDA:0,HybridLog::evict_page
FNDA:38,HybridLog::get_tail_address
FNDA:25,HybridLog::get_head_address
FNDA:2,HybridLog::get_read_only_address
FNDA:25,HybridLog::get_begin_address
FNDA:0,HybridLog::advance_begin_address
FNDA:0,HybridLog::truncate_storage
FNDA:0,HybridLog::mark_space_invalid
FNDA:0,HybridLog::compact_storage
FNDA:30,HybridLog::flush_to_disk
FNDA:2,HybridLog::flush_page_to_disk
FNDA:0,MmapStorageDevice::new
FNDA:0,MmapStorageDevice::init_mmap
FNDA:0,MmapStorageDevice::resize_and_remap
FNDA:0,MmapStorageDevice::ensure_capacity
FNDA:0,<impl StorageDevice for MmapStorageDevice>::write
FNDA:0,<impl StorageDevice for MmapStorageDevice>::read
FNDA:0,<impl StorageDevice for MmapStorageDevice>::flush
FNDA:0,<impl StorageDevice for MmapStorageDevice>::size
FNDA:0,<impl StorageDevice for MmapStorageDevice>::truncate
FNDA:0,<impl StorageDevice for MmapStorageDevice>::supports_mmap
FNDA:0,<impl StorageDevice for MmapStorageDevice>::get_mmap
FNDA:0,<impl Drop for MmapStorageDevice>::drop
FNDA:108,address_to_u64
FNDA:105,u64_to_address
DA:40,0
DA:41,0
DA:45,0
DA:46,0
DA:47,0
DA:59,21
DA:60,63
DA:61,42
DA:66,42
DA:68,0
DA:73,2
DA:76,6
DA:77,2
DA:78,2
DA:81,1
DA:84,2
DA:85,3
DA:86,1
DA:89,2
DA:91,4
DA:92,2
DA:95,0
DA:96,0
DA:99,0
DA:100,0
DA:101,0
DA:112,24
DA:113,96
DA:115,24
DA:119,40
DA:120,160
DA:121,120
DA:124,0
DA:125,0
DA:126,0
DA:131,17
DA:132,85
DA:133,51
DA:137,0
DA:144,0
DA:145,0
DA:147,0
DA:148,0
DA:149,0
DA:151,0
DA:152,0
DA:183,13
DA:185,39
DA:192,0
DA:194,0
DA:198,1
DA:200,3
DA:202,1
DA:251,23
DA:256,46
DA:257,23
DA:258,0
DA:259,0
DA:266,41
DA:267,41
DA:268,41
DA:291,0
DA:293,23
DA:298,16
DA:299,32
DA:300,0
DA:304,64
DA:305,32
DA:307,16
DA:309,64
DA:312,48
DA:313,0
DA:319,0
DA:321,0
DA:331,0
DA:332,0
DA:344,16
DA:345,48
DA:346,48
DA:348,32
DA:349,48
DA:351,32
DA:352,32
DA:356,80
DA:357,32
DA:358,32
DA:359,32
DA:368,14
DA:369,42
DA:370,42
DA:372,28
DA:373,0
DA:374,0
DA:381,14
DA:386,56
DA:387,14
DA:391,0
DA:395,14
DA:397,42
DA:401,14
DA:403,0
DA:406,0
DA:408,14
DA:412,16
DA:414,48
DA:417,16
DA:418,0
DA:425,0
DA:429,0
DA:434,0
DA:435,0
DA:438,0
DA:440,0
DA:445,0
DA:448,0
DA:449,0
DA:452,0
DA:462,39
DA:463,78
DA:465,117
DA:466,62
DA:468,115
DA:469,69
DA:472,92
DA:473,23
DA:476,39
DA:481,15
DA:482,45
DA:483,30
DA:484,15
DA:485,60
DA:486,30
DA:491,0
DA:492,0
DA:493,0
DA:494,0
DA:495,0
DA:498,0
DA:500,0
DA:501,0
DA:510,0
DA:511,0
DA:512,0
DA:515,0
DA:516,0
DA:519,0
DA:523,0
DA:524,0
DA:528,0
DA:529,0
DA:531,0
DA:533,0
DA:534,0
DA:536,0
DA:540,0
DA:544,38
DA:545,114
DA:546,114
DA:550,25
DA:551,100
DA:555,2
DA:556,8
DA:560,25
DA:561,100
DA:566,0
DA:567,0
DA:568,0
DA:569,0
DA:570,0
DA:572,0
DA:574,0
DA:581,0
DA:583,0
DA:584,0
DA:594,0
DA:595,0
DA:599,0
DA:601,0
DA:605,0
DA:608,0
DA:612,0
DA:619,0
DA:620,0
DA:624,0
DA:631,0
DA:633,0
DA:634,0
DA:636,0
DA:638,0
DA:639,0
DA:646,0
DA:647,0
DA:648,0
DA:651,0
DA:654,0
DA:656,0
DA:661,0
DA:662,0
DA:663,0
DA:665,0
DA:666,0
DA:675,30
DA:676,75
DA:678,15
DA:680,14
DA:684,0
DA:693,1
DA:694,3
DA:698,1
DA:704,0
DA:707,1
DA:712,2
DA:713,2
DA:716,1
DA:717,3
DA:718,3
DA:720,1
DA:722,0
DA:728,0
DA:738,0
DA:743,1
DA:744,1
DA:745,1
DA:750,0
DA:770,0
DA:771,0
DA:772,0
DA:777,0
DA:779,0
DA:780,0
DA:791,0
DA:792,0
DA:795,0
DA:799,0
DA:800,0
DA:802,0
DA:803,0
DA:804,0
DA:806,0
DA:808,0
DA:812,0
DA:813,0
DA:815,0
DA:818,0
DA:819,0
DA:822,0
DA:823,0
DA:826,0
DA:830,0
DA:831,0
DA:832,0
DA:835,0
DA:836,0
DA:838,0
DA:843,0
DA:844,0
DA:846,0
DA:847,0
DA:848,0
DA:850,0
DA:851,0
DA:852,0
DA:853,0
DA:859,0
DA:860,0
DA:861,0
DA:864,0
DA:865,0
DA:866,0
DA:867,0
DA:869,0
DA:870,0
DA:871,0
DA:877,0
DA:878,0
DA:879,0
DA:882,0
DA:883,0
DA:884,0
DA:885,0
DA:887,0
DA:888,0
DA:890,0
DA:893,0
DA:894,0
DA:897,0
DA:898,0
DA:899,0
DA:902,0
DA:903,0
DA:906,0
DA:907,0
DA:909,0
DA:910,0
DA:911,0
DA:913,0
DA:914,0
DA:918,0
DA:923,0
DA:924,0
DA:931,108
DA:932,108
DA:937,105
DA:938,105
LF:304
LH:113
end_of_record
TN:
SF:/Users/xuesong.zhao/repo/rust/rskv/src/index.rs
FN:22,KeyHasher::new
FN:28,KeyHasher::hash_key
FN:36,<impl Default for KeyHasher>::default
FN:53,HashBucketEntry::new
FN:63,HashBucketEntry::matches_key
FN:90,MemHashIndex::new
FN:98,MemHashIndex::with_capacity
FN:107,MemHashIndex::find
FN:113,MemHashIndex::insert
FN:119,MemHashIndex::insert_if_not_exists
FN:134,MemHashIndex::update_if_exists
FN:146,MemHashIndex::remove
FN:152,MemHashIndex::remove_if_address
FN:166,MemHashIndex::len
FN:171,MemHashIndex::is_empty
FN:176,MemHashIndex::clear
FN:182,MemHashIndex::for_each
FN:193,MemHashIndex::collect_matching
FN:210,MemHashIndex::remove_matching
FN:243,MemHashIndex::snapshot
FN:252,MemHashIndex::restore_from_snapshot
FN:260,MemHashIndex::memory_usage
FN:307,new_shared_mem_hash_index
FN:312,new_shared_mem_hash_index_with_capacity
FNF:24
FNDA:0,KeyHasher::new
FNDA:6,KeyHasher::hash_key
FNDA:0,<impl Default for KeyHasher>::default
FNDA:1,HashBucketEntry::new
FNDA:2,HashBucketEntry::matches_key
FNDA:20,MemHashIndex::new
FNDA:6,MemHashIndex::with_capacity
FNDA:186,MemHashIndex::find
FNDA:291,MemHashIndex::insert
FNDA:2,MemHashIndex::insert_if_not_exists
FNDA:2,MemHashIndex::update_if_exists
FNDA:2,MemHashIndex::remove
FNDA:2,MemHashIndex::remove_if_address
FNDA:12,MemHashIndex::len
FNDA:5,MemHashIndex::is_empty
FNDA:5,MemHashIndex::clear
FNDA:10,MemHashIndex::for_each
FNDA:1,MemHashIndex::collect_matching
FNDA:1,MemHashIndex::remove_matching
FNDA:17,MemHashIndex::snapshot
FNDA:2,MemHashIndex::restore_from_snapshot
FNDA:1,MemHashIndex::memory_usage
FNDA:15,new_shared_mem_hash_index
FNDA:6,new_shared_mem_hash_index_with_capacity
DA:22,0
DA:24,0
DA:28,6
DA:29,12
DA:30,18
DA:31,12
DA:36,0
DA:37,0
DA:53,1
DA:54,3
DA:63,2
DA:65,6
DA:66,2
DA:67,1
DA:90,20
DA:92,40
DA:98,6
DA:100,18
DA:107,186
DA:108,1086
DA:113,291
DA:114,1164
DA:119,2
DA:123,4
DA:124,1
DA:125,1
DA:126,3
DA:127,1
DA:134,2
DA:135,6
DA:136,2
DA:138,2
DA:139,1
DA:146,2
DA:147,8
DA:152,2
DA:153,6
DA:155,2
DA:156,3
DA:158,1
DA:161,0
DA:166,12
DA:167,24
DA:171,5
DA:172,10
DA:176,5
DA:177,10
DA:182,10
DA:186,236
DA:187,0
DA:193,1
DA:197,2
DA:198,7
DA:199,0
DA:200,0
DA:201,2
DA:202,8
DA:205,1
DA:210,1
DA:214,2
DA:217,3
DA:218,1
DA:220,4
DA:221,9
DA:222,6
DA:223,6
DA:224,2
DA:226,1
DA:232,5
DA:233,2
DA:234,2
DA:238,1
DA:243,17
DA:244,17
DA:246,389
DA:252,2
DA:253,4
DA:254,10
DA:260,1
DA:261,3
DA:265,2
DA:267,2
DA:268,201
DA:272,2
DA:273,2
DA:279,2
DA:280,1
DA:307,15
DA:308,45
DA:312,6
DA:316,24
LF:91
LH:83
end_of_record
TN:
SF:/Users/xuesong.zhao/repo/rust/rskv/src/metrics.rs
FN:257,MetricsCollector::new
FN:270,MetricsCollector::record_read
FN:290,MetricsCollector::record_write
FN:299,MetricsCollector::record_delete
FN:307,MetricsCollector::record_scan
FN:313,MetricsCollector::record_storage_op
FN:328,MetricsCollector::record_memory_usage
FN:349,MetricsCollector::record_error
FN:382,MetricsCollector::snapshot
FN:519,MetricsCollector::reset
FN:544,LatencyMetrics::new
FN:555,LatencyHistogram::new
FN:572,LatencyHistogram::record
FN:615,LatencyHistogram::percentile
FN:634,LatencyHistogram::reset
FN:646,<impl Default for MetricsCollector>::default
FN:655,new_shared_metrics_collector
FNF:17
FNDA:1,MetricsCollector::new
FNDA:1,MetricsCollector::record_read
FNDA:1,MetricsCollector::record_write
FNDA:1,MetricsCollector::record_delete
FNDA:0,MetricsCollector::record_scan
FNDA:0,MetricsCollector::record_storage_op
FNDA:0,MetricsCollector::record_memory_usage
FNDA:0,MetricsCollector::record_error
FNDA:1,MetricsCollector::snapshot
FNDA:0,MetricsCollector::reset
FNDA:1,LatencyMetrics::new
FNDA:5,LatencyHistogram::new
FNDA:6,LatencyHistogram::record
FNDA:10,LatencyHistogram::percentile
FNDA:0,LatencyHistogram::reset
FNDA:0,<impl Default for MetricsCollector>::default
FNDA:0,new_shared_metrics_collector
DA:257,1
DA:259,2
DA:260,2
DA:261,2
DA:262,2
DA:263,2
DA:264,1
DA:265,1
DA:270,1
DA:271,3
DA:272,1
DA:273,1
DA:274,3
DA:276,2
DA:277,2
DA:278,2
DA:279,1
DA:281,0
DA:282,0
DA:283,0
DA:286,2
DA:290,1
DA:291,3
DA:292,1
DA:293,1
DA:294,3
DA:295,2
DA:299,1
DA:300,1
DA:301,1
DA:302,2
DA:303,2
DA:307,0
DA:308,0
DA:309,0
DA:313,0
DA:314,0
DA:315,0
DA:316,0
DA:317,0
DA:318,0
DA:320,0
DA:321,0
DA:322,0
DA:323,0
DA:328,0
DA:329,0
DA:330,0
DA:331,0
DA:334,0
DA:335,0
DA:336,0
DA:337,0
DA:338,0
DA:339,0
DA:340,0
DA:342,0
DA:343,0
DA:349,0
DA:350,0
DA:352,0
DA:353,0
DA:354,0
DA:356,0
DA:357,0
DA:358,0
DA:359,0
DA:361,0
DA:362,0
DA:363,0
DA:364,0
DA:366,0
DA:367,0
DA:369,0
DA:370,0
DA:372,0
DA:373,0
DA:374,0
DA:375,0
DA:377,0
DA:382,1
DA:383,3
DA:384,3
DA:387,4
DA:388,4
DA:389,4
DA:390,4
DA:391,4
DA:392,4
DA:394,2
DA:395,2
DA:396,0
DA:398,1
DA:401,2
DA:402,2
DA:404,0
DA:408,2
DA:413,1
DA:425,1
DA:456,1
DA:519,0
DA:521,0
DA:522,0
DA:523,0
DA:524,0
DA:525,0
DA:526,0
DA:527,0
DA:528,0
DA:529,0
DA:530,0
DA:533,0
DA:534,0
DA:535,0
DA:536,0
DA:544,1
DA:546,3
DA:547,3
DA:548,3
DA:549,1
DA:555,5
DA:557,10
DA:560,80
DA:565,10
DA:566,10
DA:567,5
DA:568,5
DA:572,6
DA:573,12
DA:576,24
DA:577,6
DA:578,12
DA:579,8
DA:580,8
DA:581,4
DA:582,4
DA:584,4
DA:585,0
DA:589,24
DA:590,6
DA:591,18
DA:592,12
DA:593,12
DA:594,6
DA:595,6
DA:597,6
DA:598,0
DA:603,48
DA:604,18
DA:605,6
DA:611,18
DA:612,24
DA:615,10
DA:616,40
DA:617,10
DA:618,0
DA:624,22
DA:625,22
DA:626,11
DA:627,10
DA:631,0
DA:634,0
DA:635,0
DA:636,0
DA:638,0
DA:639,0
DA:640,0
DA:641,0
DA:646,0
DA:647,0
DA:655,0
DA:656,0
LF:172
LH:89
end_of_record
TN:
SF:/Users/xuesong.zhao/repo/rust/rskv/src/rskv.rs
FN:52,RsKv::new
FN:134,RsKv::upsert
FN:154,RsKv::read
FN:182,RsKv::delete
FN:199,RsKv::contains_key
FN:208,RsKv::len
FN:214,RsKv::is_empty
FN:219,RsKv::stats
FN:240,RsKv::checkpoint
FN:253,RsKv::checkpoint_stats
FN:258,RsKv::list_checkpoints
FN:263,RsKv::cleanup_checkpoints
FN:271,RsKv::garbage_collect
FN:276,RsKv::garbage_collect_with_config
FN:292,RsKv::should_run_gc
FN:297,RsKv::gc_estimate
FN:302,RsKv::config
FN:308,RsKv::scan_all
FN:325,RsKv::scan_prefix
FN:341,RsKv::background_stats
FN:346,RsKv::stop_background_tasks
FN:351,RsKv::start_background_tasks
FN:356,RsKv::close
FNF:23
FNDA:12,RsKv::new
FNDA:24,RsKv::upsert
FNDA:20,RsKv::read
FNDA:2,RsKv::delete
FNDA:4,RsKv::contains_key
FNDA:1,RsKv::len
FNDA:1,RsKv::is_empty
FNDA:2,RsKv::stats
FNDA:2,RsKv::checkpoint
FNDA:0,RsKv::checkpoint_stats
FNDA:0,RsKv::list_checkpoints
FNDA:2,RsKv::cleanup_checkpoints
FNDA:0,RsKv::garbage_collect
FNDA:0,RsKv::garbage_collect_with_config
FNDA:1,RsKv::should_run_gc
FNDA:0,RsKv::gc_estimate
FNDA:0,RsKv::config
FNDA:2,RsKv::scan_all
FNDA:2,RsKv::scan_prefix
FNDA:0,RsKv::background_stats
FNDA:2,RsKv::stop_background_tasks
FNDA:0,RsKv::start_background_tasks
FNDA:2,RsKv::close
DA:52,12
DA:54,12
DA:56,6
DA:61,0
DA:65,6
DA:69,6
DA:72,6
DA:84,6
DA:106,0
DA:107,0
DA:122,5
DA:123,1
DA:124,1
DA:127,6
DA:134,24
DA:136,48
DA:139,72
DA:142,36
DA:154,20
DA:156,30
DA:157,20
DA:158,0
DA:162,30
DA:166,2
DA:171,0
DA:172,0
DA:182,2
DA:184,4
DA:187,5
DA:190,3
DA:199,4
DA:200,6
DA:201,1
DA:202,1
DA:208,1
DA:209,1
DA:214,1
DA:215,1
DA:219,2
DA:220,4
DA:221,4
DA:222,4
DA:223,4
DA:224,4
DA:232,8
DA:233,8
DA:234,4
DA:240,2
DA:241,2
DA:243,1
DA:246,2
DA:248,0
DA:253,0
DA:254,0
DA:258,0
DA:259,0
DA:263,2
DA:264,2
DA:265,1
DA:266,1
DA:271,0
DA:272,0
DA:276,0
DA:277,0
DA:279,0
DA:282,0
DA:285,0
DA:292,1
DA:293,2
DA:297,0
DA:298,0
DA:302,0
DA:303,0
DA:308,2
DA:309,2
DA:312,5
DA:313,9
DA:315,3
DA:316,3
DA:321,1
DA:325,2
DA:326,2
DA:328,5
DA:329,6
DA:330,6
DA:331,2
DA:333,2
DA:337,1
DA:341,0
DA:342,0
DA:346,2
DA:347,1
DA:351,0
DA:352,0
DA:356,2
DA:357,1
DA:360,1
DA:363,1
DA:367,2
DA:369,1
DA:371,0
DA:372,0
DA:374,0
DA:378,1
DA:379,0
DA:383,1
DA:385,1
LF:107
LH:77
end_of_record
