TN:
SF:/Users/xuesong.zhao/repo/rust/rskv/src/background.rs
FN:42,BackgroundTaskManager::new
FN:61,BackgroundTaskManager::start
FN:93,BackgroundTaskManager::stop
FN:116,BackgroundTaskManager::is_running
FN:121,BackgroundTaskManager::start_checkpoint_task
FN:160,BackgroundTaskManager::start_gc_task
FN:211,BackgroundTaskManager::start_log_maintenance_task
FN:241,BackgroundTaskManager::perform_log_maintenance
FN:277,BackgroundTaskManager::get_stats
FN:290,<impl Drop for BackgroundTaskManager>::drop
FNF:10
FNDA:11,BackgroundTaskManager::new
FNDA:7,BackgroundTaskManager::start
FNDA:12,BackgroundTaskManager::stop
FNDA:7,BackgroundTaskManager::is_running
FNDA:6,BackgroundTaskManager::start_checkpoint_task
FNDA:5,BackgroundTaskManager::start_gc_task
FNDA:6,BackgroundTaskManager::start_log_maintenance_task
FNDA:0,BackgroundTaskManager::perform_log_maintenance
FNDA:2,BackgroundTaskManager::get_stats
FNDA:11,<impl Drop for BackgroundTaskManager>::drop
DA:42,11
DA:50,33
DA:56,11
DA:61,7
DA:62,28
DA:63,1
DA:64,1
DA:68,0
DA:73,6
DA:74,24
DA:75,12
DA:79,5
DA:80,20
DA:81,10
DA:88,0
DA:93,12
DA:94,12
DA:95,1
DA:98,5
DA:101,5
DA:102,15
DA:103,10
DA:106,33
DA:107,28
DA:108,28
DA:111,5
DA:116,7
DA:117,14
DA:121,6
DA:122,18
DA:123,18
DA:124,18
DA:125,12
DA:127,7
DA:128,4
DA:129,3
DA:131,1
DA:133,12
DA:134,12
DA:136,10
DA:137,0
DA:141,10
DA:143,5
DA:144,0
DA:146,0
DA:147,0
DA:151,0
DA:155,0
DA:160,5
DA:161,15
DA:162,15
DA:163,15
DA:164,10
DA:166,9
DA:167,16
DA:168,12
DA:170,4
DA:172,14
DA:173,8
DA:175,6
DA:176,0
DA:180,6
DA:181,6
DA:184,0
DA:186,0
DA:187,0
DA:189,0
DA:190,0
DA:194,0
DA:198,3
DA:200,0
DA:201,0
DA:206,3
DA:211,6
DA:212,18
DA:213,18
DA:214,18
DA:216,11
DA:217,15
DA:218,15
DA:220,5
DA:222,12
DA:223,4
DA:225,2
DA:226,0
DA:230,1
DA:236,4
DA:241,0
DA:243,0
DA:244,0
DA:245,0
DA:248,0
DA:251,0
DA:252,0
DA:253,0
DA:256,0
DA:257,0
DA:262,0
DA:267,0
DA:268,0
DA:269,0
DA:271,0
DA:277,2
DA:279,6
DA:280,4
DA:281,4
DA:282,4
DA:283,4
DA:284,2
DA:290,11
DA:292,33
DA:293,11
DA:294,33
DA:295,22
DA:298,22
DA:300,7
LF:116
LH:83
end_of_record
TN:
SF:/Users/xuesong.zhao/repo/rust/rskv/src/checkpoint.rs
FN:85,CheckpointState::new
FN:104,CheckpointState::is_in_progress
FN:109,CheckpointState::initiate_checkpoint
FN:173,CheckpointState::create_index_snapshot
FN:183,CheckpointState::calculate_snapshot_hash
FN:202,CheckpointState::write_checkpoint_files
FN:225,CheckpointState::write_index_snapshot
FN:238,CheckpointState::write_metadata
FN:251,CheckpointState::recover_from_latest_checkpoint
FN:265,CheckpointState::find_latest_checkpoint
FN:286,CheckpointState::load_checkpoint
FN:316,CheckpointState::list_checkpoints
FN:338,CheckpointState::cleanup_old_checkpoints
FN:357,CheckpointState::delete_checkpoint
FN:376,CheckpointState::get_checkpoint_stats
FNF:15
FNDA:15,CheckpointState::new
FNDA:3,CheckpointState::is_in_progress
FNDA:30,CheckpointState::initiate_checkpoint
FNDA:30,CheckpointState::create_index_snapshot
FNDA:16,CheckpointState::calculate_snapshot_hash
FNDA:15,CheckpointState::write_checkpoint_files
FNDA:15,CheckpointState::write_index_snapshot
FNDA:15,CheckpointState::write_metadata
FNDA:14,CheckpointState::recover_from_latest_checkpoint
FNDA:14,CheckpointState::find_latest_checkpoint
FNDA:2,CheckpointState::load_checkpoint
FNDA:12,CheckpointState::list_checkpoints
FNDA:4,CheckpointState::cleanup_old_checkpoints
FNDA:6,CheckpointState::delete_checkpoint
FNDA:4,CheckpointState::get_checkpoint_stats
DA:85,15
DA:91,30
DA:93,15
DA:94,15
DA:95,15
DA:96,15
DA:97,15
DA:98,15
DA:99,15
DA:104,3
DA:105,9
DA:109,30
DA:111,60
DA:112,0
DA:113,0
DA:121,0
DA:127,0
DA:140,15
DA:143,44
DA:149,0
DA:161,0
DA:163,15
DA:164,0
DA:173,30
DA:174,15
DA:176,30
DA:178,15
DA:179,15
DA:183,16
DA:187,32
DA:190,48
DA:191,95
DA:193,64
DA:198,32
DA:202,15
DA:208,60
DA:211,60
DA:212,60
DA:215,15
DA:216,0
DA:218,15
DA:219,0
DA:225,15
DA:230,45
DA:231,0
DA:233,15
DA:238,15
DA:243,45
DA:244,0
DA:246,15
DA:251,14
DA:252,21
DA:254,1
DA:255,0
DA:256,1
DA:259,6
DA:260,6
DA:265,14
DA:266,21
DA:269,20
DA:273,2
DA:274,5
DA:275,1
DA:282,7
DA:286,2
DA:287,4
DA:290,4
DA:291,3
DA:292,1
DA:296,1
DA:297,1
DA:302,0
DA:303,0
DA:304,0
DA:311,0
DA:316,12
DA:317,18
DA:320,102
DA:324,30
DA:325,75
DA:326,15
DA:333,6
DA:338,4
DA:339,6
DA:343,1
DA:348,7
DA:349,9
DA:352,1
DA:357,6
DA:358,12
DA:360,12
DA:361,12
DA:363,12
DA:364,6
DA:367,6
DA:368,6
DA:371,3
DA:376,4
DA:377,6
DA:381,4
DA:382,4
DA:384,4
DA:385,4
DA:387,4
DA:390,4
DA:395,2
DA:396,2
DA:397,2
DA:398,2
DA:399,2
LF:110
LH:94
end_of_record
TN:
SF:/Users/xuesong.zhao/repo/rust/rskv/src/common.rs
FN:50,get_page
FN:55,get_offset
FN:60,make_address
FN:140,RsKvError::is_recoverable
FN:153,RsKvError::is_corruption
FN:158,RsKvError::is_user_error
FN:170,RsKvError::category
FN:198,<impl From for RsKvError>::from
FN:224,RecordInfo::new
FN:240,RecordInfo::is_null
FN:286,Config::validate
FN:362,Config::with_memory_size
FN:386,Config::high_performance
FN:399,Config::low_memory
FN:413,<impl Default for Config>::default
FNF:15
FNDA:137,get_page
FNDA:113,get_offset
FNDA:80,make_address
FNDA:0,RsKvError::is_recoverable
FNDA:0,RsKvError::is_corruption
FNDA:0,RsKvError::is_user_error
FNDA:0,RsKvError::category
FNDA:0,<impl From for RsKvError>::from
FNDA:16,RecordInfo::new
FNDA:2,RecordInfo::is_null
FNDA:6,Config::validate
FNDA:0,Config::with_memory_size
FNDA:0,Config::high_performance
FNDA:0,Config::low_memory
FNDA:11,<impl Default for Config>::default
DA:50,137
DA:51,137
DA:55,113
DA:56,113
DA:60,80
DA:61,80
DA:140,0
DA:141,0
DA:142,0
DA:143,0
DA:144,0
DA:145,0
DA:146,0
DA:147,0
DA:148,0
DA:153,0
DA:154,0
DA:158,0
DA:159,0
DA:160,0
DA:161,0
DA:162,0
DA:163,0
DA:164,0
DA:165,0
DA:170,0
DA:171,0
DA:172,0
DA:173,0
DA:174,0
DA:175,0
DA:176,0
DA:177,0
DA:178,0
DA:179,0
DA:180,0
DA:181,0
DA:182,0
DA:183,0
DA:184,0
DA:185,0
DA:186,0
DA:187,0
DA:188,0
DA:189,0
DA:198,0
DA:200,0
DA:224,16
DA:240,2
DA:241,3
DA:286,6
DA:288,6
DA:289,0
DA:290,0
DA:295,0
DA:296,0
DA:302,0
DA:303,0
DA:308,0
DA:309,0
DA:313,12
DA:314,0
DA:315,0
DA:321,0
DA:322,0
DA:328,0
DA:329,0
DA:334,0
DA:335,0
DA:341,0
DA:342,0
DA:347,0
DA:348,0
DA:354,0
DA:362,0
DA:363,0
DA:364,0
DA:367,0
DA:369,0
DA:370,0
DA:372,0
DA:373,0
DA:375,0
DA:378,0
DA:381,0
DA:382,0
DA:386,0
DA:387,0
DA:388,0
DA:389,0
DA:390,0
DA:391,0
DA:392,0
DA:394,0
DA:395,0
DA:399,0
DA:400,0
DA:401,0
DA:402,0
DA:403,0
DA:404,0
DA:405,0
DA:407,0
DA:408,0
DA:413,11
DA:415,22
DA:417,33
DA:425,22
DA:427,22
DA:431,11
LF:110
LH:18
end_of_record
TN:
SF:/Users/xuesong.zhao/repo/rust/rskv/src/epoch.rs
FN:18,EpochManager::new
FN:26,EpochManager::register
FN:34,EpochManager::pin
FN:39,EpochManager::flush
FN:47,<impl Default for EpochManager>::default
FN:60,EpochHandle::pin
FN:65,EpochHandle::protect
FN:72,EpochHandle::defer
FN:85,EpochHandle::defer_destroy
FN:102,EpochHandle::flush
FN:116,EpochPtr<T>::new
FN:121,EpochPtr<T>::null
FN:128,EpochPtr<T>::is_null
FN:134,EpochPtr<T>::as_ptr
FN:141,EpochPtr<T>::as_ref
FN:152,EpochPtr<T>::as_mut
FN:165,<impl Clone for EpochPtr<T>>::clone
FN:181,<impl EpochProtected for EpochManager>::with_epoch
FNF:18
FNDA:33,EpochManager::new
FNDA:2,EpochManager::register
FNDA:2,EpochManager::pin
FNDA:0,EpochManager::flush
FNDA:0,<impl Default for EpochManager>::default
FNDA:2,EpochHandle::pin
FNDA:0,EpochHandle::protect
FNDA:1,EpochHandle::defer
FNDA:0,EpochHandle::defer_destroy
FNDA:1,EpochHandle::flush
FNDA:1,EpochPtr<T>::new
FNDA:1,EpochPtr<T>::null
FNDA:2,EpochPtr<T>::is_null
FNDA:1,EpochPtr<T>::as_ptr
FNDA:2,EpochPtr<T>::as_ref
FNDA:0,EpochPtr<T>::as_mut
FNDA:0,<impl Clone for EpochPtr<T>>::clone
FNDA:1,<impl EpochProtected for EpochManager>::with_epoch
DA:18,33
DA:20,33
DA:26,2
DA:28,2
DA:34,2
DA:35,4
DA:39,0
DA:41,0
DA:42,0
DA:47,0
DA:48,0
DA:60,2
DA:61,4
DA:65,0
DA:66,0
DA:72,1
DA:76,3
DA:77,3
DA:85,0
DA:90,0
DA:91,0
DA:92,0
DA:93,0
DA:94,0
DA:95,0
DA:102,1
DA:104,3
DA:116,1
DA:121,1
DA:123,1
DA:128,2
DA:129,4
DA:134,1
DA:135,1
DA:141,2
DA:142,4
DA:143,1
DA:145,1
DA:152,0
DA:153,0
DA:154,0
DA:156,0
DA:165,0
DA:166,0
DA:181,1
DA:185,3
DA:186,1
LF:47
LH:27
end_of_record
TN:
SF:/Users/xuesong.zhao/repo/rust/rskv/src/gc.rs
FN:74,<impl Default for GcConfig>::default
FN:86,GcState::new
FN:99,GcState::is_in_progress
FN:104,GcState::last_stats
FN:109,GcState::initiate_gc
FN:180,GcState::calculate_new_begin_address
FN:205,GcState::cleanup_index_entries
FN:220,GcState::parallel_cleanup_index
FN:258,GcState::sequential_cleanup_index
FN:293,GcState::process_batch
FN:309,GcState::estimate_reclaimable_space
FN:343,GcState::should_run_gc
FN:375,<impl ConditionalRemoval for SharedMemHashIndex>::remove_if_address
FNF:13
FNDA:9,<impl Default for GcConfig>::default
FNDA:16,GcState::new
FNDA:1,GcState::is_in_progress
FNDA:1,GcState::last_stats
FNDA:6,GcState::initiate_gc
FNDA:2,GcState::calculate_new_begin_address
FNDA:0,GcState::cleanup_index_entries
FNDA:1,GcState::parallel_cleanup_index
FNDA:1,GcState::sequential_cleanup_index
FNDA:10,GcState::process_batch
FNDA:6,GcState::estimate_reclaimable_space
FNDA:5,GcState::should_run_gc
FNDA:150,<impl ConditionalRemoval for SharedMemHashIndex>::remove_if_address
DA:74,9
DA:76,9
DA:86,16
DA:88,32
DA:89,32
DA:92,48
DA:93,16
DA:94,16
DA:99,1
DA:100,3
DA:104,1
DA:105,1
DA:109,6
DA:111,12
DA:112,1
DA:113,1
DA:118,0
DA:127,2
DA:130,2
DA:131,6
DA:133,2
DA:134,4
DA:135,4
DA:136,2
DA:137,2
DA:138,2
DA:139,4
DA:140,2
DA:144,0
DA:147,0
DA:150,0
DA:151,0
DA:170,0
DA:180,2
DA:186,8
DA:188,2
DA:190,1
DA:205,0
DA:210,0
DA:212,0
DA:213,0
DA:215,0
DA:220,1
DA:226,2
DA:227,3
DA:229,1
DA:232,3
DA:234,101
DA:235,100
DA:236,50
DA:238,50
DA:243,3
DA:246,101
DA:251,4
DA:252,4
DA:254,1
DA:258,1
DA:263,2
DA:264,2
DA:265,2
DA:268,102
DA:269,400
DA:271,210
DA:272,60
DA:273,20
DA:274,20
DA:275,10
DA:280,1
DA:281,0
DA:282,0
DA:283,0
DA:286,4
DA:287,4
DA:289,1
DA:293,10
DA:294,20
DA:296,210
DA:299,200
DA:300,0
DA:305,20
DA:309,6
DA:310,12
DA:311,12
DA:312,12
DA:315,12
DA:316,12
DA:317,12
DA:319,16
DA:320,4
DA:321,7
DA:322,3
DA:324,1
DA:328,24
DA:329,24
DA:331,6
DA:332,24
DA:333,12
DA:334,12
DA:335,12
DA:336,12
DA:337,6
DA:338,6
DA:343,5
DA:344,15
DA:375,150
DA:376,450
DA:378,200
DA:381,100
LF:108
LH:93
end_of_record
TN:
SF:/Users/xuesong.zhao/repo/rust/rskv/src/hlog.rs
FN:39,StorageDevice::supports_mmap
FN:42,StorageDevice::get_mmap
FN:56,FileStorageDevice::new
FN:69,<impl StorageDevice for FileStorageDevice>::write
FN:77,<impl StorageDevice for FileStorageDevice>::read
FN:85,<impl StorageDevice for FileStorageDevice>::flush
FN:91,<impl StorageDevice for FileStorageDevice>::size
FN:95,<impl StorageDevice for FileStorageDevice>::truncate
FN:108,AtomicPageOffset::new
FN:115,AtomicPageOffset::load
FN:120,AtomicPageOffset::store
FN:127,AtomicPageOffset::reserve
FN:133,AtomicPageOffset::compare_exchange
FN:171,LogRecord::new
FN:180,LogRecord::serialized_size
FN:186,LogRecord::tombstone
FN:239,HybridLog::new
FN:283,HybridLog::allocate
FN:325,HybridLog::get
FN:346,HybridLog::write
FN:371,HybridLog::insert_record
FN:386,HybridLog::read_record
FN:403,HybridLog::read_record_from_disk
FN:436,HybridLog::allocate_page
FN:455,HybridLog::shift_read_only_address
FN:463,HybridLog::shift_head_address
FN:476,HybridLog::evict_pages_below_head
FN:489,HybridLog::evict_page
FN:510,HybridLog::get_tail_address
FN:516,HybridLog::get_head_address
FN:521,HybridLog::get_read_only_address
FN:526,HybridLog::get_begin_address
FN:532,HybridLog::advance_begin_address
FN:554,HybridLog::truncate_storage
FN:572,HybridLog::mark_space_invalid
FN:584,HybridLog::compact_storage
FN:627,HybridLog::flush_to_disk
FN:659,HybridLog::flush_page_to_disk
FN:712,MmapStorageDevice::new
FN:740,MmapStorageDevice::init_mmap
FN:753,MmapStorageDevice::resize_and_remap
FN:771,MmapStorageDevice::ensure_capacity
FN:784,<impl StorageDevice for MmapStorageDevice>::write
FN:805,<impl StorageDevice for MmapStorageDevice>::read
FN:823,<impl StorageDevice for MmapStorageDevice>::flush
FN:834,<impl StorageDevice for MmapStorageDevice>::size
FN:838,<impl StorageDevice for MmapStorageDevice>::truncate
FN:843,<impl StorageDevice for MmapStorageDevice>::supports_mmap
FN:847,<impl StorageDevice for MmapStorageDevice>::get_mmap
FN:864,<impl Drop for MmapStorageDevice>::drop
FN:872,address_to_u64
FN:878,u64_to_address
FNF:52
FNDA:0,StorageDevice::supports_mmap
FNDA:0,StorageDevice::get_mmap
FNDA:21,FileStorageDevice::new
FNDA:2,<impl StorageDevice for FileStorageDevice>::write
FNDA:1,<impl StorageDevice for FileStorageDevice>::read
FNDA:2,<impl StorageDevice for FileStorageDevice>::flush
FNDA:0,<impl StorageDevice for FileStorageDevice>::size
FNDA:0,<impl StorageDevice for FileStorageDevice>::truncate
FNDA:24,AtomicPageOffset::new
FNDA:40,AtomicPageOffset::load
FNDA:0,AtomicPageOffset::store
FNDA:17,AtomicPageOffset::reserve
FNDA:0,AtomicPageOffset::compare_exchange
FNDA:13,LogRecord::new
FNDA:0,LogRecord::serialized_size
FNDA:1,LogRecord::tombstone
FNDA:23,HybridLog::new
FNDA:16,HybridLog::allocate
FNDA:16,HybridLog::get
FNDA:14,HybridLog::write
FNDA:14,HybridLog::insert_record
FNDA:16,HybridLog::read_record
FNDA:0,HybridLog::read_record_from_disk
FNDA:39,HybridLog::allocate_page
FNDA:15,HybridLog::shift_read_only_address
FNDA:0,HybridLog::shift_head_address
FNDA:0,HybridLog::evict_pages_below_head
FNDA:0,HybridLog::evict_page
FNDA:38,HybridLog::get_tail_address
FNDA:25,HybridLog::get_head_address
FNDA:2,HybridLog::get_read_only_address
FNDA:25,HybridLog::get_begin_address
FNDA:0,HybridLog::advance_begin_address
FNDA:0,HybridLog::truncate_storage
FNDA:0,HybridLog::mark_space_invalid
FNDA:0,HybridLog::compact_storage
FNDA:30,HybridLog::flush_to_disk
FNDA:2,HybridLog::flush_page_to_disk
FNDA:0,MmapStorageDevice::new
FNDA:0,MmapStorageDevice::init_mmap
FNDA:0,MmapStorageDevice::resize_and_remap
FNDA:0,MmapStorageDevice::ensure_capacity
FNDA:0,<impl StorageDevice for MmapStorageDevice>::write
FNDA:0,<impl StorageDevice for MmapStorageDevice>::read
FNDA:0,<impl StorageDevice for MmapStorageDevice>::flush
FNDA:0,<impl StorageDevice for MmapStorageDevice>::size
FNDA:0,<impl StorageDevice for MmapStorageDevice>::truncate
FNDA:0,<impl StorageDevice for MmapStorageDevice>::supports_mmap
FNDA:0,<impl StorageDevice for MmapStorageDevice>::get_mmap
FNDA:0,<impl Drop for MmapStorageDevice>::drop
FNDA:108,address_to_u64
FNDA:105,u64_to_address
DA:39,0
DA:42,0
DA:43,0
DA:44,0
DA:56,21
DA:57,63
DA:58,42
DA:62,42
DA:64,0
DA:69,2
DA:72,6
DA:73,2
DA:74,2
DA:77,1
DA:80,2
DA:81,3
DA:82,1
DA:85,2
DA:87,4
DA:88,2
DA:91,0
DA:92,0
DA:95,0
DA:96,0
DA:97,0
DA:108,24
DA:109,96
DA:111,24
DA:115,40
DA:116,160
DA:117,120
DA:120,0
DA:121,0
DA:122,0
DA:127,17
DA:128,85
DA:129,51
DA:133,0
DA:135,0
DA:136,0
DA:138,0
DA:139,0
DA:140,0
DA:171,13
DA:173,39
DA:180,0
DA:182,0
DA:186,1
DA:188,3
DA:190,1
DA:239,23
DA:244,46
DA:245,23
DA:246,0
DA:247,0
DA:254,41
DA:255,41
DA:256,41
DA:276,0
DA:278,23
DA:283,16
DA:284,32
DA:285,0
DA:289,64
DA:290,32
DA:292,16
DA:294,64
DA:297,48
DA:298,0
DA:304,0
DA:306,0
DA:312,0
DA:313,0
DA:325,16
DA:326,48
DA:327,48
DA:329,32
DA:330,48
DA:332,32
DA:336,80
DA:337,64
DA:342,0
DA:346,14
DA:347,42
DA:348,42
DA:350,28
DA:351,0
DA:357,14
DA:362,56
DA:363,14
DA:367,0
DA:371,14
DA:373,42
DA:377,14
DA:380,0
DA:382,14
DA:386,16
DA:388,48
DA:391,16
DA:392,0
DA:399,0
DA:403,0
DA:408,0
DA:409,0
DA:412,0
DA:414,0
DA:419,0
DA:422,0
DA:423,0
DA:426,0
DA:430,0
DA:436,39
DA:437,78
DA:439,117
DA:440,62
DA:442,115
DA:443,69
DA:446,92
DA:447,23
DA:450,39
DA:455,15
DA:456,45
DA:457,90
DA:458,30
DA:463,0
DA:464,0
DA:465,0
DA:468,0
DA:470,0
DA:476,0
DA:477,0
DA:478,0
DA:481,0
DA:482,0
DA:485,0
DA:489,0
DA:490,0
DA:494,0
DA:495,0
DA:497,0
DA:499,0
DA:500,0
DA:502,0
DA:506,0
DA:510,38
DA:511,114
DA:512,114
DA:516,25
DA:517,100
DA:521,2
DA:522,8
DA:526,25
DA:527,100
DA:532,0
DA:533,0
DA:534,0
DA:536,0
DA:538,0
DA:545,0
DA:547,0
DA:554,0
DA:555,0
DA:559,0
DA:561,0
DA:565,0
DA:568,0
DA:572,0
DA:579,0
DA:580,0
DA:584,0
DA:586,0
DA:588,0
DA:589,0
DA:591,0
DA:593,0
DA:594,0
DA:601,0
DA:602,0
DA:603,0
DA:606,0
DA:609,0
DA:611,0
DA:616,0
DA:617,0
DA:618,0
DA:620,0
DA:627,30
DA:628,75
DA:630,15
DA:632,14
DA:635,0
DA:641,1
DA:642,3
DA:646,1
DA:651,0
DA:654,1
DA:659,2
DA:660,2
DA:663,1
DA:664,3
DA:665,3
DA:667,1
DA:669,0
DA:675,0
DA:685,0
DA:690,1
DA:691,1
DA:692,1
DA:696,0
DA:712,0
DA:713,0
DA:714,0
DA:718,0
DA:720,0
DA:721,0
DA:732,0
DA:733,0
DA:736,0
DA:740,0
DA:741,0
DA:743,0
DA:744,0
DA:745,0
DA:747,0
DA:749,0
DA:753,0
DA:754,0
DA:756,0
DA:759,0
DA:760,0
DA:763,0
DA:764,0
DA:767,0
DA:771,0
DA:772,0
DA:773,0
DA:776,0
DA:777,0
DA:779,0
DA:784,0
DA:785,0
DA:787,0
DA:788,0
DA:789,0
DA:791,0
DA:792,0
DA:793,0
DA:794,0
DA:800,0
DA:801,0
DA:802,0
DA:805,0
DA:806,0
DA:807,0
DA:808,0
DA:810,0
DA:811,0
DA:812,0
DA:818,0
DA:819,0
DA:820,0
DA:823,0
DA:824,0
DA:825,0
DA:826,0
DA:828,0
DA:829,0
DA:831,0
DA:834,0
DA:835,0
DA:838,0
DA:839,0
DA:840,0
DA:843,0
DA:844,0
DA:847,0
DA:848,0
DA:850,0
DA:851,0
DA:852,0
DA:854,0
DA:855,0
DA:859,0
DA:864,0
DA:865,0
DA:872,108
DA:873,108
DA:878,105
DA:879,105
LF:289
LH:108
end_of_record
TN:
SF:/Users/xuesong.zhao/repo/rust/rskv/src/index.rs
FN:21,KeyHasher::new
FN:27,KeyHasher::hash_key
FN:35,<impl Default for KeyHasher>::default
FN:52,HashBucketEntry::new
FN:62,HashBucketEntry::matches_key
FN:89,MemHashIndex::new
FN:97,MemHashIndex::with_capacity
FN:106,MemHashIndex::find
FN:112,MemHashIndex::insert
FN:118,MemHashIndex::insert_if_not_exists
FN:133,MemHashIndex::update_if_exists
FN:145,MemHashIndex::remove
FN:151,MemHashIndex::remove_if_address
FN:165,MemHashIndex::len
FN:170,MemHashIndex::is_empty
FN:175,MemHashIndex::clear
FN:181,MemHashIndex::for_each
FN:192,MemHashIndex::collect_matching
FN:209,MemHashIndex::remove_matching
FN:241,MemHashIndex::snapshot
FN:250,MemHashIndex::restore_from_snapshot
FN:258,MemHashIndex::memory_usage
FN:302,new_shared_mem_hash_index
FN:307,new_shared_mem_hash_index_with_capacity
FNF:24
FNDA:0,KeyHasher::new
FNDA:6,KeyHasher::hash_key
FNDA:0,<impl Default for KeyHasher>::default
FNDA:1,HashBucketEntry::new
FNDA:2,HashBucketEntry::matches_key
FNDA:20,MemHashIndex::new
FNDA:6,MemHashIndex::with_capacity
FNDA:186,MemHashIndex::find
FNDA:291,MemHashIndex::insert
FNDA:2,MemHashIndex::insert_if_not_exists
FNDA:2,MemHashIndex::update_if_exists
FNDA:2,MemHashIndex::remove
FNDA:2,MemHashIndex::remove_if_address
FNDA:12,MemHashIndex::len
FNDA:5,MemHashIndex::is_empty
FNDA:5,MemHashIndex::clear
FNDA:10,MemHashIndex::for_each
FNDA:1,MemHashIndex::collect_matching
FNDA:1,MemHashIndex::remove_matching
FNDA:17,MemHashIndex::snapshot
FNDA:2,MemHashIndex::restore_from_snapshot
FNDA:1,MemHashIndex::memory_usage
FNDA:15,new_shared_mem_hash_index
FNDA:6,new_shared_mem_hash_index_with_capacity
DA:21,0
DA:23,0
DA:27,6
DA:28,12
DA:29,18
DA:30,12
DA:35,0
DA:36,0
DA:52,1
DA:53,3
DA:62,2
DA:64,6
DA:65,2
DA:66,1
DA:89,20
DA:91,40
DA:97,6
DA:99,18
DA:106,186
DA:107,1086
DA:112,291
DA:113,1164
DA:118,2
DA:122,4
DA:123,1
DA:124,1
DA:125,3
DA:126,1
DA:133,2
DA:134,6
DA:136,2
DA:137,1
DA:140,1
DA:145,2
DA:146,8
DA:151,2
DA:152,6
DA:154,2
DA:155,3
DA:157,1
DA:160,0
DA:165,12
DA:166,24
DA:170,5
DA:171,10
DA:175,5
DA:176,10
DA:181,10
DA:185,236
DA:186,0
DA:192,1
DA:196,2
DA:197,7
DA:198,0
DA:199,0
DA:200,2
DA:201,8
DA:204,1
DA:209,1
DA:213,2
DA:216,3
DA:218,4
DA:219,9
DA:220,6
DA:221,6
DA:222,2
DA:224,1
DA:230,5
DA:231,2
DA:232,2
DA:236,1
DA:241,17
DA:242,17
DA:244,389
DA:250,2
DA:251,4
DA:252,10
DA:258,1
DA:259,3
DA:263,2
DA:265,2
DA:266,201
DA:270,2
DA:271,2
DA:277,2
DA:278,1
DA:302,15
DA:303,45
DA:307,6
DA:311,24
LF:90
LH:82
end_of_record
TN:
SF:/Users/xuesong.zhao/repo/rust/rskv/src/metrics.rs
FN:256,MetricsCollector::new
FN:269,MetricsCollector::record_read
FN:283,MetricsCollector::record_write
FN:290,MetricsCollector::record_delete
FN:296,MetricsCollector::record_scan
FN:302,MetricsCollector::record_storage_op
FN:313,MetricsCollector::record_memory_usage
FN:329,MetricsCollector::record_error
FN:344,MetricsCollector::snapshot
FN:458,MetricsCollector::reset
FN:481,LatencyMetrics::new
FN:492,LatencyHistogram::new
FN:507,LatencyHistogram::record
FN:544,LatencyHistogram::percentile
FN:563,LatencyHistogram::reset
FN:575,<impl Default for MetricsCollector>::default
FN:584,new_shared_metrics_collector
FNF:17
FNDA:1,MetricsCollector::new
FNDA:1,MetricsCollector::record_read
FNDA:1,MetricsCollector::record_write
FNDA:1,MetricsCollector::record_delete
FNDA:0,MetricsCollector::record_scan
FNDA:0,MetricsCollector::record_storage_op
FNDA:0,MetricsCollector::record_memory_usage
FNDA:0,MetricsCollector::record_error
FNDA:1,MetricsCollector::snapshot
FNDA:0,MetricsCollector::reset
FNDA:1,LatencyMetrics::new
FNDA:5,LatencyHistogram::new
FNDA:6,LatencyHistogram::record
FNDA:10,LatencyHistogram::percentile
FNDA:0,LatencyHistogram::reset
FNDA:0,<impl Default for MetricsCollector>::default
FNDA:0,new_shared_metrics_collector
DA:256,1
DA:258,2
DA:259,2
DA:260,2
DA:261,2
DA:262,2
DA:263,1
DA:264,1
DA:269,1
DA:270,3
DA:271,4
DA:273,2
DA:274,2
DA:276,0
DA:279,2
DA:283,1
DA:284,3
DA:285,4
DA:286,2
DA:290,1
DA:291,3
DA:292,2
DA:296,0
DA:297,0
DA:298,0
DA:302,0
DA:303,0
DA:304,0
DA:305,0
DA:307,0
DA:308,0
DA:313,0
DA:314,0
DA:317,0
DA:318,0
DA:319,0
DA:320,0
DA:322,0
DA:323,0
DA:329,0
DA:330,0
DA:332,0
DA:333,0
DA:334,0
DA:335,0
DA:336,0
DA:337,0
DA:338,0
DA:339,0
DA:344,1
DA:345,3
DA:346,3
DA:349,4
DA:350,4
DA:351,4
DA:352,4
DA:353,4
DA:354,4
DA:356,2
DA:357,2
DA:358,0
DA:360,1
DA:363,2
DA:364,2
DA:366,0
DA:370,2
DA:375,1
DA:387,1
DA:414,1
DA:458,0
DA:460,0
DA:461,0
DA:462,0
DA:463,0
DA:464,0
DA:465,0
DA:466,0
DA:467,0
DA:470,0
DA:471,0
DA:472,0
DA:473,0
DA:481,1
DA:483,3
DA:484,3
DA:485,3
DA:486,1
DA:492,5
DA:494,10
DA:495,80
DA:500,10
DA:501,10
DA:502,5
DA:503,5
DA:507,6
DA:508,12
DA:511,24
DA:512,6
DA:513,12
DA:514,12
DA:516,4
DA:517,0
DA:521,24
DA:522,6
DA:523,18
DA:524,18
DA:526,6
DA:527,0
DA:532,48
DA:533,18
DA:534,6
DA:540,18
DA:541,24
DA:544,10
DA:545,40
DA:546,10
DA:547,0
DA:553,22
DA:554,22
DA:555,11
DA:556,10
DA:560,0
DA:563,0
DA:564,0
DA:565,0
DA:567,0
DA:568,0
DA:569,0
DA:570,0
DA:575,0
DA:576,0
DA:584,0
DA:585,0
LF:133
LH:75
end_of_record
TN:
SF:/Users/xuesong.zhao/repo/rust/rskv/src/rskv.rs
FN:51,RsKv::new
FN:133,RsKv::upsert
FN:153,RsKv::read
FN:181,RsKv::delete
FN:198,RsKv::contains_key
FN:207,RsKv::len
FN:213,RsKv::is_empty
FN:218,RsKv::stats
FN:239,RsKv::checkpoint
FN:252,RsKv::checkpoint_stats
FN:257,RsKv::list_checkpoints
FN:262,RsKv::cleanup_checkpoints
FN:268,RsKv::garbage_collect
FN:273,RsKv::garbage_collect_with_config
FN:286,RsKv::should_run_gc
FN:291,RsKv::gc_estimate
FN:296,RsKv::config
FN:302,RsKv::scan_all
FN:319,RsKv::scan_prefix
FN:337,RsKv::background_stats
FN:342,RsKv::stop_background_tasks
FN:347,RsKv::start_background_tasks
FN:352,RsKv::close
FNF:23
FNDA:12,RsKv::new
FNDA:24,RsKv::upsert
FNDA:20,RsKv::read
FNDA:2,RsKv::delete
FNDA:4,RsKv::contains_key
FNDA:1,RsKv::len
FNDA:1,RsKv::is_empty
FNDA:2,RsKv::stats
FNDA:2,RsKv::checkpoint
FNDA:0,RsKv::checkpoint_stats
FNDA:0,RsKv::list_checkpoints
FNDA:2,RsKv::cleanup_checkpoints
FNDA:0,RsKv::garbage_collect
FNDA:0,RsKv::garbage_collect_with_config
FNDA:1,RsKv::should_run_gc
FNDA:0,RsKv::gc_estimate
FNDA:0,RsKv::config
FNDA:2,RsKv::scan_all
FNDA:2,RsKv::scan_prefix
FNDA:0,RsKv::background_stats
FNDA:2,RsKv::stop_background_tasks
FNDA:0,RsKv::start_background_tasks
FNDA:2,RsKv::close
DA:51,12
DA:53,12
DA:55,6
DA:60,0
DA:64,6
DA:68,6
DA:71,6
DA:83,6
DA:105,0
DA:106,0
DA:121,5
DA:122,1
DA:123,1
DA:126,6
DA:133,24
DA:135,48
DA:138,72
DA:141,36
DA:153,20
DA:155,30
DA:156,20
DA:157,0
DA:161,30
DA:165,2
DA:170,0
DA:171,0
DA:181,2
DA:183,4
DA:186,5
DA:189,3
DA:198,4
DA:199,6
DA:200,1
DA:201,1
DA:207,1
DA:208,1
DA:213,1
DA:214,1
DA:218,2
DA:219,4
DA:220,4
DA:221,4
DA:222,4
DA:223,4
DA:231,8
DA:232,8
DA:233,4
DA:239,2
DA:240,2
DA:242,1
DA:245,2
DA:247,0
DA:252,0
DA:253,0
DA:257,0
DA:258,0
DA:262,2
DA:263,2
DA:268,0
DA:269,0
DA:273,0
DA:274,0
DA:276,0
DA:279,0
DA:281,0
DA:286,1
DA:287,2
DA:291,0
DA:292,0
DA:296,0
DA:297,0
DA:302,2
DA:303,2
DA:306,5
DA:307,9
DA:309,3
DA:310,3
DA:315,1
DA:319,2
DA:320,2
DA:322,5
DA:323,6
DA:324,6
DA:326,2
DA:327,2
DA:333,1
DA:337,0
DA:338,0
DA:342,2
DA:343,1
DA:347,0
DA:348,0
DA:352,2
DA:353,1
DA:356,1
DA:359,1
DA:363,2
DA:365,1
DA:367,0
DA:368,0
DA:370,0
DA:374,1
DA:375,0
DA:379,1
DA:381,1
LF:105
LH:75
end_of_record
